This is pdfTeX, Version 3.14159265-2.6-1.40.16 (MiKTeX 2.9) (preloaded format=pdflatex 2015.12.21)  4 AUG 2017 12:05
entering extended mode
**./NMR_lectures.tex
(NMR_lectures.tex
LaTeX2e <2015/10/01> patch level 2
Babel <3.9m> and hyphenation patterns for 69 languages loaded.
("C:\Program Files (x86)\MiKTeX 2.9\tex\latex\beamer\beamer.cls"
Document Class: beamer 2017/07/13 v3.42 A class for typesetting presentations
("C:\Program Files (x86)\MiKTeX 2.9\tex\latex\beamer\beamerbasemodes.sty"
("C:\Program Files (x86)\MiKTeX 2.9\tex\latex\etoolbox\etoolbox.sty"
Package: etoolbox 2017/01/02 v2.4 e-TeX tools for LaTeX (JAW)
\etb@tempcnta=\count79
)
\beamer@tempbox=\box26
\beamer@tempcount=\count80
\c@beamerpauses=\count81

("C:\Program Files (x86)\MiKTeX 2.9\tex\latex\beamer\beamerbasedecode.sty"
\beamer@slideinframe=\count82
\beamer@minimum=\count83
)
\beamer@commentbox=\box27
\beamer@modecount=\count84
)
("C:\Program Files (x86)\MiKTeX 2.9\tex\generic\oberdiek\ifpdf.sty"
Package: ifpdf 2011/01/30 v2.3 Provides the ifpdf switch (HO)
Package ifpdf Info: pdfTeX in PDF mode is detected.
)
\headdp=\dimen102
\footheight=\dimen103
\sidebarheight=\dimen104
\beamer@tempdim=\dimen105
\beamer@finalheight=\dimen106
\beamer@animht=\dimen107
\beamer@animdp=\dimen108
\beamer@animwd=\dimen109
\beamer@leftmargin=\dimen110
\beamer@rightmargin=\dimen111
\beamer@leftsidebar=\dimen112
\beamer@rightsidebar=\dimen113
\beamer@boxsize=\dimen114
\beamer@vboxoffset=\dimen115
\beamer@descdefault=\dimen116
\beamer@descriptionwidth=\dimen117
\beamer@lastskip=\skip41
\beamer@areabox=\box28
\beamer@animcurrent=\box29
\beamer@animshowbox=\box30
\beamer@sectionbox=\box31
\beamer@logobox=\box32
\beamer@linebox=\box33
\beamer@sectioncount=\count85
\beamer@subsubsectionmax=\count86
\beamer@subsectionmax=\count87
\beamer@sectionmax=\count88
\beamer@totalheads=\count89
\beamer@headcounter=\count90
\beamer@partstartpage=\count91
\beamer@sectionstartpage=\count92
\beamer@subsectionstartpage=\count93
\beamer@animationtempa=\count94
\beamer@animationtempb=\count95
\beamer@xpos=\count96
\beamer@ypos=\count97
\beamer@showpartnumber=\count98
\beamer@currentsubsection=\count99
\beamer@coveringdepth=\count100
\beamer@sectionadjust=\count101
\beamer@tocsectionnumber=\count102

("C:\Program Files (x86)\MiKTeX 2.9\tex\latex\beamer\beamerbaseoptions.sty"
("C:\Program Files (x86)\MiKTeX 2.9\tex\latex\graphics\keyval.sty"
Package: keyval 2014/10/28 v1.15 key=value parser (DPC)
\KV@toks@=\toks14
))
\beamer@paperwidth=\skip42
\beamer@paperheight=\skip43

("C:\Program Files (x86)\MiKTeX 2.9\tex\latex\geometry\geometry.sty"
Package: geometry 2010/09/12 v5.6 Page Geometry

("C:\Program Files (x86)\MiKTeX 2.9\tex\generic\oberdiek\ifvtex.sty"
Package: ifvtex 2010/03/01 v1.5 Detect VTeX and its facilities (HO)
Package ifvtex Info: VTeX not detected.
)
("C:\Program Files (x86)\MiKTeX 2.9\tex\generic\ifxetex\ifxetex.sty"
Package: ifxetex 2010/09/12 v0.6 Provides ifxetex conditional
)
\Gm@cnth=\count103
\Gm@cntv=\count104
\c@Gm@tempcnt=\count105
\Gm@bindingoffset=\dimen118
\Gm@wd@mp=\dimen119
\Gm@odd@mp=\dimen120
\Gm@even@mp=\dimen121
\Gm@layoutwidth=\dimen122
\Gm@layoutheight=\dimen123
\Gm@layouthoffset=\dimen124
\Gm@layoutvoffset=\dimen125
\Gm@dimlist=\toks15

("C:\Program Files (x86)\MiKTeX 2.9\tex\latex\geometry\geometry.cfg"))
("C:\Program Files (x86)\MiKTeX 2.9\tex\latex\base\size11.clo"
File: size11.clo 2014/09/29 v1.4h Standard LaTeX file (size option)
)
("C:\Program Files (x86)\MiKTeX 2.9\tex\latex\pgf\basiclayer\pgfcore.sty"
("C:\Program Files (x86)\MiKTeX 2.9\tex\latex\graphics\graphicx.sty"
Package: graphicx 2014/10/28 v1.0g Enhanced LaTeX Graphics (DPC,SPQR)

("C:\Program Files (x86)\MiKTeX 2.9\tex\latex\graphics\graphics.sty"
Package: graphics 2014/10/28 v1.0p Standard LaTeX Graphics (DPC,SPQR)

("C:\Program Files (x86)\MiKTeX 2.9\tex\latex\graphics\trig.sty"
Package: trig 1999/03/16 v1.09 sin cos tan (DPC)
)
("C:\Program Files (x86)\MiKTeX 2.9\tex\latex\00miktex\graphics.cfg"
File: graphics.cfg 2007/01/18 v1.5 graphics configuration of teTeX/TeXLive
)
Package graphics Info: Driver file: pdftex.def on input line 94.

("C:\Program Files (x86)\MiKTeX 2.9\tex\latex\pdftex-def\pdftex.def"
File: pdftex.def 2011/05/27 v0.06d Graphics/color for pdfTeX

("C:\Program Files (x86)\MiKTeX 2.9\tex\generic\oberdiek\infwarerr.sty"
Package: infwarerr 2010/04/08 v1.3 Providing info/warning/error messages (HO)
)
("C:\Program Files (x86)\MiKTeX 2.9\tex\generic\oberdiek\ltxcmds.sty"
Package: ltxcmds 2011/11/09 v1.22 LaTeX kernel commands for general use (HO)
)
\Gread@gobject=\count106
))
\Gin@req@height=\dimen126
\Gin@req@width=\dimen127
)
("C:\Program Files (x86)\MiKTeX 2.9\tex\latex\pgf\systemlayer\pgfsys.sty"
("C:\Program Files (x86)\MiKTeX 2.9\tex\latex\pgf\utilities\pgfrcs.sty"
("C:\Program Files (x86)\MiKTeX 2.9\tex\generic\pgf\utilities\pgfutil-common.te
x"
\pgfutil@everybye=\toks16
\pgfutil@tempdima=\dimen128
\pgfutil@tempdimb=\dimen129

("C:\Program Files (x86)\MiKTeX 2.9\tex\generic\pgf\utilities\pgfutil-common-li
sts.tex"))
("C:\Program Files (x86)\MiKTeX 2.9\tex\generic\pgf\utilities\pgfutil-latex.def
"
\pgfutil@abb=\box34
 ("C:\Program Files (x86)\MiKTeX 2.9\tex\latex\ms\everyshi.sty"
Package: everyshi 2001/05/15 v3.00 EveryShipout Package (MS)
))
("C:\Program Files (x86)\MiKTeX 2.9\tex\generic\pgf\utilities\pgfrcs.code.tex"
Package: pgfrcs 2015/08/07 v3.0.1a (rcs-revision 1.31)
))
("C:\Program Files (x86)\MiKTeX 2.9\tex\generic\pgf\systemlayer\pgfsys.code.tex
"
Package: pgfsys 2014/07/09 v3.0.1a (rcs-revision 1.48)
 ("C:\Program Files (x86)\MiKTeX 2.9\tex\generic\pgf\utilities\pgfkeys.code.tex
"
\pgfkeys@pathtoks=\toks17
\pgfkeys@temptoks=\toks18

("C:\Program Files (x86)\MiKTeX 2.9\tex\generic\pgf\utilities\pgfkeysfiltered.c
ode.tex"
\pgfkeys@tmptoks=\toks19
))
\pgf@x=\dimen130
\pgf@y=\dimen131
\pgf@xa=\dimen132
\pgf@ya=\dimen133
\pgf@xb=\dimen134
\pgf@yb=\dimen135
\pgf@xc=\dimen136
\pgf@yc=\dimen137
\w@pgf@writea=\write3
\r@pgf@reada=\read1
\c@pgf@counta=\count107
\c@pgf@countb=\count108
\c@pgf@countc=\count109
\c@pgf@countd=\count110
\t@pgf@toka=\toks20
\t@pgf@tokb=\toks21
\t@pgf@tokc=\toks22

("C:\Program Files (x86)\MiKTeX 2.9\tex\generic\pgf\systemlayer\pgf.cfg"
File: pgf.cfg 2008/05/14  (rcs-revision 1.7)
)
Driver file for pgf: pgfsys-pdftex.def

("C:\Program Files (x86)\MiKTeX 2.9\tex\generic\pgf\systemlayer\pgfsys-pdftex.d
ef"
File: pgfsys-pdftex.def 2014/10/11  (rcs-revision 1.35)

("C:\Program Files (x86)\MiKTeX 2.9\tex\generic\pgf\systemlayer\pgfsys-common-p
df.def"
File: pgfsys-common-pdf.def 2013/10/10  (rcs-revision 1.13)
)))
("C:\Program Files (x86)\MiKTeX 2.9\tex\generic\pgf\systemlayer\pgfsyssoftpath.
code.tex"
File: pgfsyssoftpath.code.tex 2013/09/09  (rcs-revision 1.9)
\pgfsyssoftpath@smallbuffer@items=\count111
\pgfsyssoftpath@bigbuffer@items=\count112
)
("C:\Program Files (x86)\MiKTeX 2.9\tex\generic\pgf\systemlayer\pgfsysprotocol.
code.tex"
File: pgfsysprotocol.code.tex 2006/10/16  (rcs-revision 1.4)
)) ("C:\Program Files (x86)\MiKTeX 2.9\tex\latex\xcolor\xcolor.sty"
Package: xcolor 2016/05/11 v2.12 LaTeX color extensions (UK)

("C:\Program Files (x86)\MiKTeX 2.9\tex\latex\00miktex\color.cfg"
File: color.cfg 2007/01/18 v1.5 color configuration of teTeX/TeXLive
)
Package xcolor Info: Driver file: pdftex.def on input line 225.
Package xcolor Info: Model `cmy' substituted by `cmy0' on input line 1348.
Package xcolor Info: Model `hsb' substituted by `rgb' on input line 1352.
Package xcolor Info: Model `RGB' extended on input line 1364.
Package xcolor Info: Model `HTML' substituted by `rgb' on input line 1366.
Package xcolor Info: Model `Hsb' substituted by `hsb' on input line 1367.
Package xcolor Info: Model `tHsb' substituted by `hsb' on input line 1368.
Package xcolor Info: Model `HSB' substituted by `hsb' on input line 1369.
Package xcolor Info: Model `Gray' substituted by `gray' on input line 1370.
Package xcolor Info: Model `wave' substituted by `hsb' on input line 1371.
)
("C:\Program Files (x86)\MiKTeX 2.9\tex\generic\pgf\basiclayer\pgfcore.code.tex
"
Package: pgfcore 2010/04/11 v3.0.1a (rcs-revision 1.7)
 ("C:\Program Files (x86)\MiKTeX 2.9\tex\generic\pgf\math\pgfmath.code.tex"
("C:\Program Files (x86)\MiKTeX 2.9\tex\generic\pgf\math\pgfmathcalc.code.tex"
("C:\Program Files (x86)\MiKTeX 2.9\tex\generic\pgf\math\pgfmathutil.code.tex")
("C:\Program Files (x86)\MiKTeX 2.9\tex\generic\pgf\math\pgfmathparser.code.tex
"
\pgfmath@dimen=\dimen138
\pgfmath@count=\count113
\pgfmath@box=\box35
\pgfmath@toks=\toks23
\pgfmath@stack@operand=\toks24
\pgfmath@stack@operation=\toks25
)
("C:\Program Files (x86)\MiKTeX 2.9\tex\generic\pgf\math\pgfmathfunctions.code.
tex"
("C:\Program Files (x86)\MiKTeX 2.9\tex\generic\pgf\math\pgfmathfunctions.basic
.code.tex")
("C:\Program Files (x86)\MiKTeX 2.9\tex\generic\pgf\math\pgfmathfunctions.trigo
nometric.code.tex")
("C:\Program Files (x86)\MiKTeX 2.9\tex\generic\pgf\math\pgfmathfunctions.rando
m.code.tex")
("C:\Program Files (x86)\MiKTeX 2.9\tex\generic\pgf\math\pgfmathfunctions.compa
rison.code.tex")
("C:\Program Files (x86)\MiKTeX 2.9\tex\generic\pgf\math\pgfmathfunctions.base.
code.tex")
("C:\Program Files (x86)\MiKTeX 2.9\tex\generic\pgf\math\pgfmathfunctions.round
.code.tex")
("C:\Program Files (x86)\MiKTeX 2.9\tex\generic\pgf\math\pgfmathfunctions.misc.
code.tex")
("C:\Program Files (x86)\MiKTeX 2.9\tex\generic\pgf\math\pgfmathfunctions.integ
erarithmetics.code.tex")))
("C:\Program Files (x86)\MiKTeX 2.9\tex\generic\pgf\math\pgfmathfloat.code.tex"
\c@pgfmathroundto@lastzeros=\count114
))
("C:\Program Files (x86)\MiKTeX 2.9\tex\generic\pgf\basiclayer\pgfcorepoints.co
de.tex"
File: pgfcorepoints.code.tex 2013/10/07  (rcs-revision 1.27)
\pgf@picminx=\dimen139
\pgf@picmaxx=\dimen140
\pgf@picminy=\dimen141
\pgf@picmaxy=\dimen142
\pgf@pathminx=\dimen143
\pgf@pathmaxx=\dimen144
\pgf@pathminy=\dimen145
\pgf@pathmaxy=\dimen146
\pgf@xx=\dimen147
\pgf@xy=\dimen148
\pgf@yx=\dimen149
\pgf@yy=\dimen150
\pgf@zx=\dimen151
\pgf@zy=\dimen152
)
("C:\Program Files (x86)\MiKTeX 2.9\tex\generic\pgf\basiclayer\pgfcorepathconst
ruct.code.tex"
File: pgfcorepathconstruct.code.tex 2013/10/07  (rcs-revision 1.29)
\pgf@path@lastx=\dimen153
\pgf@path@lasty=\dimen154
)
("C:\Program Files (x86)\MiKTeX 2.9\tex\generic\pgf\basiclayer\pgfcorepathusage
.code.tex"
File: pgfcorepathusage.code.tex 2014/11/02  (rcs-revision 1.24)
\pgf@shorten@end@additional=\dimen155
\pgf@shorten@start@additional=\dimen156
)
("C:\Program Files (x86)\MiKTeX 2.9\tex\generic\pgf\basiclayer\pgfcorescopes.co
de.tex"
File: pgfcorescopes.code.tex 2015/05/08  (rcs-revision 1.46)
\pgfpic=\box36
\pgf@hbox=\box37
\pgf@layerbox@main=\box38
\pgf@picture@serial@count=\count115
)
("C:\Program Files (x86)\MiKTeX 2.9\tex\generic\pgf\basiclayer\pgfcoregraphicst
ate.code.tex"
File: pgfcoregraphicstate.code.tex 2014/11/02  (rcs-revision 1.12)
\pgflinewidth=\dimen157
)
("C:\Program Files (x86)\MiKTeX 2.9\tex\generic\pgf\basiclayer\pgfcoretransform
ations.code.tex"
File: pgfcoretransformations.code.tex 2015/08/07  (rcs-revision 1.20)
\pgf@pt@x=\dimen158
\pgf@pt@y=\dimen159
\pgf@pt@temp=\dimen160
)
("C:\Program Files (x86)\MiKTeX 2.9\tex\generic\pgf\basiclayer\pgfcorequick.cod
e.tex"
File: pgfcorequick.code.tex 2008/10/09  (rcs-revision 1.3)
)
("C:\Program Files (x86)\MiKTeX 2.9\tex\generic\pgf\basiclayer\pgfcoreobjects.c
ode.tex"
File: pgfcoreobjects.code.tex 2006/10/11  (rcs-revision 1.2)
)
("C:\Program Files (x86)\MiKTeX 2.9\tex\generic\pgf\basiclayer\pgfcorepathproce
ssing.code.tex"
File: pgfcorepathprocessing.code.tex 2013/09/09  (rcs-revision 1.9)
)
("C:\Program Files (x86)\MiKTeX 2.9\tex\generic\pgf\basiclayer\pgfcorearrows.co
de.tex"
File: pgfcorearrows.code.tex 2015/05/14  (rcs-revision 1.43)
\pgfarrowsep=\dimen161
)
("C:\Program Files (x86)\MiKTeX 2.9\tex\generic\pgf\basiclayer\pgfcoreshade.cod
e.tex"
File: pgfcoreshade.code.tex 2013/07/15  (rcs-revision 1.15)
\pgf@max=\dimen162
\pgf@sys@shading@range@num=\count116
)
("C:\Program Files (x86)\MiKTeX 2.9\tex\generic\pgf\basiclayer\pgfcoreimage.cod
e.tex"
File: pgfcoreimage.code.tex 2013/07/15  (rcs-revision 1.18)

("C:\Program Files (x86)\MiKTeX 2.9\tex\generic\pgf\basiclayer\pgfcoreexternal.
code.tex"
File: pgfcoreexternal.code.tex 2014/07/09  (rcs-revision 1.21)
\pgfexternal@startupbox=\box39
))
("C:\Program Files (x86)\MiKTeX 2.9\tex\generic\pgf\basiclayer\pgfcorelayers.co
de.tex"
File: pgfcorelayers.code.tex 2013/07/18  (rcs-revision 1.7)
)
("C:\Program Files (x86)\MiKTeX 2.9\tex\generic\pgf\basiclayer\pgfcoretranspare
ncy.code.tex"
File: pgfcoretransparency.code.tex 2013/09/30  (rcs-revision 1.5)
)
("C:\Program Files (x86)\MiKTeX 2.9\tex\generic\pgf\basiclayer\pgfcorepatterns.
code.tex"
File: pgfcorepatterns.code.tex 2013/11/07  (rcs-revision 1.5)
)))
("C:\Program Files (x86)\MiKTeX 2.9\tex\latex\pgf\utilities\xxcolor.sty"
Package: xxcolor 2003/10/24 ver 0.1
\XC@nummixins=\count117
\XC@countmixins=\count118
)
("C:\Program Files (x86)\MiKTeX 2.9\tex\generic\oberdiek\atbegshi.sty"
Package: atbegshi 2011/10/05 v1.16 At begin shipout hook (HO)
)
("C:\Program Files (x86)\MiKTeX 2.9\tex\latex\hyperref\hyperref.sty"
Package: hyperref 2012/11/06 v6.83m Hypertext links for LaTeX

("C:\Program Files (x86)\MiKTeX 2.9\tex\generic\oberdiek\hobsub-hyperref.sty"
Package: hobsub-hyperref 2012/04/25 v1.12 Bundle oberdiek, subset hyperref (HO)


("C:\Program Files (x86)\MiKTeX 2.9\tex\generic\oberdiek\hobsub-generic.sty"
Package: hobsub-generic 2012/04/25 v1.12 Bundle oberdiek, subset generic (HO)
Package: hobsub 2012/04/25 v1.12 Construct package bundles (HO)
Package hobsub Info: Skipping package `infwarerr' (already loaded).
Package hobsub Info: Skipping package `ltxcmds' (already loaded).
Package: ifluatex 2010/03/01 v1.3 Provides the ifluatex switch (HO)
Package ifluatex Info: LuaTeX not detected.
Package hobsub Info: Skipping package `ifvtex' (already loaded).
Package: intcalc 2007/09/27 v1.1 Expandable calculations with integers (HO)
Package hobsub Info: Skipping package `ifpdf' (already loaded).
Package: etexcmds 2011/02/16 v1.5 Avoid name clashes with e-TeX commands (HO)
Package etexcmds Info: Could not find \expanded.
(etexcmds)             That can mean that you are not using pdfTeX 1.50 or
(etexcmds)             that some package has redefined \expanded.
(etexcmds)             In the latter case, load this package earlier.
Package: kvsetkeys 2012/04/25 v1.16 Key value parser (HO)
Package: kvdefinekeys 2011/04/07 v1.3 Define keys (HO)
Package: pdftexcmds 2011/11/29 v0.20 Utility functions of pdfTeX for LuaTeX (HO
)
Package pdftexcmds Info: LuaTeX not detected.
Package pdftexcmds Info: \pdf@primitive is available.
Package pdftexcmds Info: \pdf@ifprimitive is available.
Package pdftexcmds Info: \pdfdraftmode found.
Package: pdfescape 2011/11/25 v1.13 Implements pdfTeX's escape features (HO)
Package: bigintcalc 2012/04/08 v1.3 Expandable calculations on big integers (HO
)
Package: bitset 2011/01/30 v1.1 Handle bit-vector datatype (HO)
Package: uniquecounter 2011/01/30 v1.2 Provide unlimited unique counter (HO)
)
Package hobsub Info: Skipping package `hobsub' (already loaded).
Package: letltxmacro 2010/09/02 v1.4 Let assignment for LaTeX macros (HO)
Package: hopatch 2011/06/24 v1.1 Wrapper for package hooks (HO)
Package: xcolor-patch 2011/01/30 xcolor patch
Package: atveryend 2011/06/30 v1.8 Hooks at the very end of document (HO)
Package hobsub Info: Skipping package `atbegshi' (already loaded).
Package: refcount 2011/10/16 v3.4 Data extraction from label references (HO)
Package: hycolor 2011/01/30 v1.7 Color options for hyperref/bookmark (HO)
)
("C:\Program Files (x86)\MiKTeX 2.9\tex\latex\oberdiek\auxhook.sty"
Package: auxhook 2011/03/04 v1.3 Hooks for auxiliary files (HO)
)
("C:\Program Files (x86)\MiKTeX 2.9\tex\latex\oberdiek\kvoptions.sty"
Package: kvoptions 2011/06/30 v3.11 Key value format for package options (HO)
)
\@linkdim=\dimen163
\Hy@linkcounter=\count119
\Hy@pagecounter=\count120

("C:\Program Files (x86)\MiKTeX 2.9\tex\latex\hyperref\pd1enc.def"
File: pd1enc.def 2012/11/06 v6.83m Hyperref: PDFDocEncoding definition (HO)
)
\Hy@SavedSpaceFactor=\count121

("C:\Program Files (x86)\MiKTeX 2.9\tex\latex\00miktex\hyperref.cfg"
File: hyperref.cfg 2002/06/06 v1.2 hyperref configuration of TeXLive
)
Package hyperref Info: Option `bookmarks' set `true' on input line 4319.
Package hyperref Info: Option `bookmarksopen' set `true' on input line 4319.
Package hyperref Info: Option `implicit' set `false' on input line 4319.
Package hyperref Info: Hyper figures OFF on input line 4443.
Package hyperref Info: Link nesting OFF on input line 4448.
Package hyperref Info: Hyper index ON on input line 4451.
Package hyperref Info: Plain pages OFF on input line 4458.
Package hyperref Info: Backreferencing OFF on input line 4463.
Package hyperref Info: Implicit mode OFF; no redefinition of LaTeX internals.
Package hyperref Info: Bookmarks ON on input line 4688.
\c@Hy@tempcnt=\count122

("C:\Program Files (x86)\MiKTeX 2.9\tex\latex\url\url.sty"
\Urlmuskip=\muskip10
Package: url 2013/09/16  ver 3.4  Verb mode for urls, etc.
)
LaTeX Info: Redefining \url on input line 5041.
\XeTeXLinkMargin=\dimen164
\Fld@menulength=\count123
\Field@Width=\dimen165
\Fld@charsize=\dimen166
Package hyperref Info: Hyper figures OFF on input line 6295.
Package hyperref Info: Link nesting OFF on input line 6300.
Package hyperref Info: Hyper index ON on input line 6303.
Package hyperref Info: backreferencing OFF on input line 6310.
Package hyperref Info: Link coloring OFF on input line 6315.
Package hyperref Info: Link coloring with OCG OFF on input line 6320.
Package hyperref Info: PDF/A mode OFF on input line 6325.
LaTeX Info: Redefining \ref on input line 6365.
LaTeX Info: Redefining \pageref on input line 6369.
\Hy@abspage=\count124


Package hyperref Message: Stopped early.

)

Package hyperref Message: Driver (autodetected): hpdftex.

("C:\Program Files (x86)\MiKTeX 2.9\tex\latex\hyperref\hpdftex.def"
File: hpdftex.def 2012/11/06 v6.83m Hyperref driver for pdfTeX
\Fld@listcount=\count125
\c@bookmark@seq@number=\count126

("C:\Program Files (x86)\MiKTeX 2.9\tex\latex\oberdiek\rerunfilecheck.sty"
Package: rerunfilecheck 2011/04/15 v1.7 Rerun checks for auxiliary files (HO)
Package uniquecounter Info: New unique counter `rerunfilecheck' on input line 2
82.
))
("C:\Program Files (x86)\MiKTeX 2.9\tex\latex\beamer\beamerbaserequires.sty"
("C:\Program Files (x86)\MiKTeX 2.9\tex\latex\beamer\beamerbasecompatibility.st
y") ("C:\Program Files (x86)\MiKTeX 2.9\tex\latex\beamer\beamerbasefont.sty"
("C:\Program Files (x86)\MiKTeX 2.9\tex\latex\amsfonts\amssymb.sty"
Package: amssymb 2013/01/14 v3.01 AMS font symbols

("C:\Program Files (x86)\MiKTeX 2.9\tex\latex\amsfonts\amsfonts.sty"
Package: amsfonts 2013/01/14 v3.01 Basic AMSFonts support
\@emptytoks=\toks26
\symAMSa=\mathgroup4
\symAMSb=\mathgroup5
LaTeX Font Info:    Overwriting math alphabet `\mathfrak' in version `bold'
(Font)                  U/euf/m/n --> U/euf/b/n on input line 106.
))
("C:\Program Files (x86)\MiKTeX 2.9\tex\latex\sansmathaccent\sansmathaccent.sty
"
Package: sansmathaccent 2013/03/28
 ("C:\Program Files (x86)\MiKTeX 2.9\tex\latex\filehook\filehook.sty"
Package: filehook 2011/10/12 v0.5d Hooks for input files
)))
("C:\Program Files (x86)\MiKTeX 2.9\tex\latex\beamer\beamerbasetranslator.sty"
("C:\Program Files (x86)\MiKTeX 2.9\tex\latex\beamer\translator\translator.sty"
Package: translator 2010/06/12 ver 1.10

("C:\Program Files (x86)\MiKTeX 2.9\tex\latex\beamer\translator\translator-lang
uage-mappings.tex")))
("C:\Program Files (x86)\MiKTeX 2.9\tex\latex\beamer\beamerbasemisc.sty")
("C:\Program Files (x86)\MiKTeX 2.9\tex\latex\beamer\beamerbasetwoscreens.sty")
("C:\Program Files (x86)\MiKTeX 2.9\tex\latex\beamer\beamerbaseoverlay.sty"
\beamer@argscount=\count127
\beamer@lastskipcover=\skip44
\beamer@trivlistdepth=\count128
)
("C:\Program Files (x86)\MiKTeX 2.9\tex\latex\beamer\beamerbasetitle.sty")
("C:\Program Files (x86)\MiKTeX 2.9\tex\latex\beamer\beamerbasesection.sty"
\c@lecture=\count129
\c@part=\count130
\c@section=\count131
\c@subsection=\count132
\c@subsubsection=\count133
)
("C:\Program Files (x86)\MiKTeX 2.9\tex\latex\beamer\beamerbaseframe.sty"
\beamer@framebox=\box40
\beamer@frametitlebox=\box41
\beamer@zoombox=\box42
\beamer@zoomcount=\count134
\beamer@zoomframecount=\count135
\beamer@frametextheight=\dimen167
\c@subsectionslide=\count136
\beamer@frametopskip=\skip45
\beamer@framebottomskip=\skip46
\beamer@frametopskipautobreak=\skip47
\beamer@framebottomskipautobreak=\skip48
\beamer@envbody=\toks27
\framewidth=\dimen168
\c@framenumber=\count137
)
("C:\Program Files (x86)\MiKTeX 2.9\tex\latex\beamer\beamerbaseverbatim.sty"
\beamer@verbatimfileout=\write4
)
("C:\Program Files (x86)\MiKTeX 2.9\tex\latex\beamer\beamerbaseframesize.sty"
\beamer@splitbox=\box43
\beamer@autobreakcount=\count138
\beamer@autobreaklastheight=\dimen169
\beamer@frametitletoks=\toks28
\beamer@framesubtitletoks=\toks29
)
("C:\Program Files (x86)\MiKTeX 2.9\tex\latex\beamer\beamerbaseframecomponents.
sty"
\beamer@footins=\box44
) ("C:\Program Files (x86)\MiKTeX 2.9\tex\latex\beamer\beamerbasecolor.sty") ("
C:\Program Files (x86)\MiKTeX 2.9\tex\latex\beamer\beamerbasenotes.sty"
\beamer@frameboxcopy=\box45
)
("C:\Program Files (x86)\MiKTeX 2.9\tex\latex\beamer\beamerbasetoc.sty")
("C:\Program Files (x86)\MiKTeX 2.9\tex\latex\beamer\beamerbasetemplates.sty"
\beamer@sbttoks=\toks30

("C:\Program Files (x86)\MiKTeX 2.9\tex\latex\beamer\beamerbaseauxtemplates.sty
" ("C:\Program Files (x86)\MiKTeX 2.9\tex\latex\beamer\beamerbaseboxes.sty"
\bmb@box=\box46
\bmb@colorbox=\box47
\bmb@boxshadow=\box48
\bmb@boxshadowball=\box49
\bmb@boxshadowballlarge=\box50
\bmb@temp=\dimen170
\bmb@dima=\dimen171
\bmb@dimb=\dimen172
\bmb@prevheight=\dimen173
)
\beamer@blockheadheight=\dimen174
))
("C:\Program Files (x86)\MiKTeX 2.9\tex\latex\beamer\beamerbaselocalstructure.s
ty" ("C:\Program Files (x86)\MiKTeX 2.9\tex\latex\tools\enumerate.sty"
Package: enumerate 2015/07/23 v3.00 enumerate extensions (DPC)
\@enLab=\toks31
)
\c@figure=\count139
\c@table=\count140
\abovecaptionskip=\skip49
\belowcaptionskip=\skip50
)
("C:\Program Files (x86)\MiKTeX 2.9\tex\latex\beamer\beamerbasenavigation.sty"
\beamer@section@min@dim=\dimen175
) ("C:\Program Files (x86)\MiKTeX 2.9\tex\latex\beamer\beamerbasetheorems.sty"
("C:\Program Files (x86)\MiKTeX 2.9\tex\latex\amsmath\amsmath.sty"
Package: amsmath 2013/01/14 v2.14 AMS math features
\@mathmargin=\skip51

For additional information on amsmath, use the `?' option.
("C:\Program Files (x86)\MiKTeX 2.9\tex\latex\amsmath\amstext.sty"
Package: amstext 2000/06/29 v2.01

("C:\Program Files (x86)\MiKTeX 2.9\tex\latex\amsmath\amsgen.sty"
File: amsgen.sty 1999/11/30 v2.0
\@emptytoks=\toks32
\ex@=\dimen176
))
("C:\Program Files (x86)\MiKTeX 2.9\tex\latex\amsmath\amsbsy.sty"
Package: amsbsy 1999/11/29 v1.2d
\pmbraise@=\dimen177
)
("C:\Program Files (x86)\MiKTeX 2.9\tex\latex\amsmath\amsopn.sty"
Package: amsopn 1999/12/14 v2.01 operator names
)
\inf@bad=\count141
LaTeX Info: Redefining \frac on input line 210.
\uproot@=\count142
\leftroot@=\count143
LaTeX Info: Redefining \overline on input line 306.
\classnum@=\count144
\DOTSCASE@=\count145
LaTeX Info: Redefining \ldots on input line 378.
LaTeX Info: Redefining \dots on input line 381.
LaTeX Info: Redefining \cdots on input line 466.
\Mathstrutbox@=\box51
\strutbox@=\box52
\big@size=\dimen178
LaTeX Font Info:    Redeclaring font encoding OML on input line 566.
LaTeX Font Info:    Redeclaring font encoding OMS on input line 567.
\macc@depth=\count146
\c@MaxMatrixCols=\count147
\dotsspace@=\muskip11
\c@parentequation=\count148
\dspbrk@lvl=\count149
\tag@help=\toks33
\row@=\count150
\column@=\count151
\maxfields@=\count152
\andhelp@=\toks34
\eqnshift@=\dimen179
\alignsep@=\dimen180
\tagshift@=\dimen181
\tagwidth@=\dimen182
\totwidth@=\dimen183
\lineht@=\dimen184
\@envbody=\toks35
\multlinegap=\skip52
\multlinetaggap=\skip53
\mathdisplay@stack=\toks36
LaTeX Info: Redefining \[ on input line 2665.
LaTeX Info: Redefining \] on input line 2666.
)
("C:\Program Files (x86)\MiKTeX 2.9\tex\latex\amscls\amsthm.sty"
Package: amsthm 2015/03/04 v2.20.2
\thm@style=\toks37
\thm@bodyfont=\toks38
\thm@headfont=\toks39
\thm@notefont=\toks40
\thm@headpunct=\toks41
\thm@preskip=\skip54
\thm@postskip=\skip55
\thm@headsep=\skip56
\dth@everypar=\toks42
)
\c@theorem=\count153
)
("C:\Program Files (x86)\MiKTeX 2.9\tex\latex\beamer\beamerbasethemes.sty"))
("C:\Program Files (x86)\MiKTeX 2.9\tex\latex\beamer\themes\theme\beamerthemede
fault.sty"
("C:\Program Files (x86)\MiKTeX 2.9\tex\latex\beamer\themes\font\beamerfontthem
edefault.sty")
("C:\Program Files (x86)\MiKTeX 2.9\tex\latex\beamer\themes\color\beamercolorth
emedefault.sty")
("C:\Program Files (x86)\MiKTeX 2.9\tex\latex\beamer\themes\inner\beamerinnerth
emedefault.sty"
\beamer@dima=\dimen185
\beamer@dimb=\dimen186
)
("C:\Program Files (x86)\MiKTeX 2.9\tex\latex\beamer\themes\outer\beamerouterth
emedefault.sty")))
("C:\Program Files (x86)\MiKTeX 2.9\tex\latex\base\inputenc.sty"
Package: inputenc 2015/03/17 v1.2c Input encoding file
\inpenc@prehook=\toks43
\inpenc@posthook=\toks44

("C:\Program Files (x86)\MiKTeX 2.9\tex\latex\base\latin1.def"
File: latin1.def 2015/03/17 v1.2c Input encoding file
))
\sympureletters=\mathgroup6
LaTeX Font Info:    Overwriting symbol font `pureletters' in version `bold'
(Font)                  OT1/mathkerncmss/m/sl --> OT1/mathkerncmss/bx/sl on inp
ut line 4.

("C:\Program Files (x86)\MiKTeX 2.9\tex\latex\tools\bm.sty"
Package: bm 2014/10/28 v1.1c Bold Symbol Support (DPC/FMi)
\symboldoperators=\mathgroup7
\symboldletters=\mathgroup8
\symboldsymbols=\mathgroup9
\symboldpureletters=\mathgroup10
LaTeX Font Info:    Redeclaring math alphabet \mathbf on input line 141.
LaTeX Info: Redefining \bm on input line 207.
)
("C:\Program Files (x86)\MiKTeX 2.9\tex\latex\tools\array.sty"
Package: array 2014/10/28 v2.4c Tabular extension package (FMi)
\col@sep=\dimen187
\extrarowheight=\dimen188
\NC@list=\toks45
\extratabsurround=\skip57
\backup@length=\skip58
)
("C:\Program Files (x86)\MiKTeX 2.9\tex\latex\setspace\setspace.sty"
Package: setspace 2011/12/19 v6.7a set line spacing
)
("C:\Program Files (x86)\MiKTeX 2.9\tex\latex\wrapfig\wrapfig.sty"
\wrapoverhang=\dimen189
\WF@size=\dimen190
\c@WF@wrappedlines=\count154
\WF@box=\box53
\WF@everypar=\toks46
Package: wrapfig 2003/01/31  v 3.6
)
("C:\Program Files (x86)\MiKTeX 2.9\tex\latex\hanging\hanging.sty"
Package: hanging 2009/09/02 v1.2b hanging paragraphs and punctuation
\h@ngcommawd=\skip59
\h@ngfstopwd=\skip60
\h@ngquotewd=\skip61
\h@ngdquotewd=\skip62
\h@ngquerywd=\skip63
\h@ngexclwd=\skip64
\h@ngcolonwd=\skip65
\h@ngscolonwd=\skip66
)
("C:\Program Files (x86)\MiKTeX 2.9\tex\latex\beamer\themes\theme\beamerthemeWa
rsaw.sty"
("C:\Program Files (x86)\MiKTeX 2.9\tex\latex\beamer\themes\inner\beamerinnerth
emerounded.sty")
("C:\Program Files (x86)\MiKTeX 2.9\tex\latex\beamer\themes\outer\beamerouterth
emeshadow.sty"
("C:\Program Files (x86)\MiKTeX 2.9\tex\latex\beamer\themes\outer\beamerouterth
emesplit.sty"))
("C:\Program Files (x86)\MiKTeX 2.9\tex\latex\beamer\themes\color\beamercolorth
emeorchid.sty")
("C:\Program Files (x86)\MiKTeX 2.9\tex\latex\beamer\themes\color\beamercolorth
emewhale.sty")) (NMR_lectures.aux

LaTeX Warning: Label `fig1' multiply defined.


LaTeX Warning: Label `fig1' multiply defined.


LaTeX Warning: Label `fig1' multiply defined.


LaTeX Warning: Label `precession' multiply defined.


LaTeX Warning: Label `fig:rot_frame' multiply defined.


LaTeX Warning: Label `precession' multiply defined.

)
\openout1 = `NMR_lectures.aux'.

LaTeX Font Info:    Checking defaults for OML/cmm/m/it on input line 50.
LaTeX Font Info:    ... okay on input line 50.
LaTeX Font Info:    Checking defaults for T1/cmr/m/n on input line 50.
LaTeX Font Info:    ... okay on input line 50.
LaTeX Font Info:    Checking defaults for OT1/cmr/m/n on input line 50.
LaTeX Font Info:    ... okay on input line 50.
LaTeX Font Info:    Checking defaults for OMS/cmsy/m/n on input line 50.
LaTeX Font Info:    ... okay on input line 50.
LaTeX Font Info:    Checking defaults for OMX/cmex/m/n on input line 50.
LaTeX Font Info:    ... okay on input line 50.
LaTeX Font Info:    Checking defaults for U/cmr/m/n on input line 50.
LaTeX Font Info:    ... okay on input line 50.
LaTeX Font Info:    Checking defaults for PD1/pdf/m/n on input line 50.
LaTeX Font Info:    ... okay on input line 50.

*geometry* driver: auto-detecting
*geometry* detected driver: pdftex
*geometry* verbose mode - [ preamble ] result:
* driver: pdftex
* paper: custom
* layout: <same size as paper>
* layoutoffset:(h,v)=(0.0pt,0.0pt)
* modes: includehead includefoot 
* h-part:(L,W,R)=(28.45274pt, 307.28987pt, 28.45274pt)
* v-part:(T,H,B)=(0.0pt, 273.14662pt, 0.0pt)
* \paperwidth=364.19536pt
* \paperheight=273.14662pt
* \textwidth=307.28987pt
* \textheight=244.6939pt
* \oddsidemargin=-43.81725pt
* \evensidemargin=-43.81725pt
* \topmargin=-72.26999pt
* \headheight=14.22636pt
* \headsep=0.0pt
* \topskip=11.0pt
* \footskip=14.22636pt
* \marginparwidth=4.0pt
* \marginparsep=10.0pt
* \columnsep=10.0pt
* \skip\footins=10.0pt plus 4.0pt minus 2.0pt
* \hoffset=0.0pt
* \voffset=0.0pt
* \mag=1000
* \@twocolumnfalse
* \@twosidefalse
* \@mparswitchfalse
* \@reversemarginfalse
* (1in=72.27pt=25.4mm, 1cm=28.453pt)

("C:\Program Files (x86)\MiKTeX 2.9\tex\context\base\supp-pdf.mkii"
[Loading MPS to PDF converter (version 2006.09.02).]
\scratchcounter=\count155
\scratchdimen=\dimen191
\scratchbox=\box54
\nofMPsegments=\count156
\nofMParguments=\count157
\everyMPshowfont=\toks47
\MPscratchCnt=\count158
\MPscratchDim=\dimen192
\MPnumerator=\count159
\makeMPintoPDFobject=\count160
\everyMPtoPDFconversion=\toks48
) ABD: EveryShipout initializing macros
\AtBeginShipoutBox=\box55
Package hyperref Info: Link coloring OFF on input line 50.

("C:\Program Files (x86)\MiKTeX 2.9\tex\latex\hyperref\nameref.sty"
Package: nameref 2012/10/27 v2.43 Cross-referencing by name of section

("C:\Program Files (x86)\MiKTeX 2.9\tex\generic\oberdiek\gettitlestring.sty"
Package: gettitlestring 2010/12/03 v1.4 Cleanup title references (HO)
)
\c@section@level=\count161
)
LaTeX Info: Redefining \ref on input line 50.
LaTeX Info: Redefining \pageref on input line 50.
LaTeX Info: Redefining \nameref on input line 50.

(NMR_lectures.out) (NMR_lectures.out)
\@outlinefile=\write5
\openout5 = `NMR_lectures.out'.

LaTeX Font Info:    Overwriting symbol font `operators' in version `normal'
(Font)                  OT1/cmr/m/n --> OT1/cmss/m/n on input line 50.
LaTeX Font Info:    Overwriting symbol font `operators' in version `bold'
(Font)                  OT1/cmr/bx/n --> OT1/cmss/bx/n on input line 50.
\symnumbers=\mathgroup11
LaTeX Font Info:    Redeclaring symbol font `pureletters' on input line 50.
LaTeX Font Info:    Overwriting symbol font `pureletters' in version `normal'
(Font)                  OT1/mathkerncmss/m/sl --> OT1/cmss/m/it on input line 5
0.
LaTeX Font Info:    Overwriting symbol font `pureletters' in version `bold'
(Font)                  OT1/mathkerncmss/bx/sl --> OT1/cmss/m/it on input line 
50.
LaTeX Font Info:    Overwriting math alphabet `\mathrm' in version `normal'
(Font)                  OT1/cmss/m/n --> OT1/cmr/m/n on input line 50.
LaTeX Font Info:    Redeclaring math alphabet \mathbf on input line 50.
LaTeX Font Info:    Redeclaring math alphabet \mathsf on input line 50.
LaTeX Font Info:    Overwriting math alphabet `\mathsf' in version `normal'
(Font)                  OT1/cmss/m/n --> OT1/cmss/m/n on input line 50.
LaTeX Font Info:    Overwriting math alphabet `\mathsf' in version `bold'
(Font)                  OT1/cmss/bx/n --> OT1/cmss/m/n on input line 50.
LaTeX Font Info:    Redeclaring math alphabet \mathit on input line 50.
LaTeX Font Info:    Overwriting math alphabet `\mathit' in version `normal'
(Font)                  OT1/cmr/m/it --> OT1/cmss/m/it on input line 50.
LaTeX Font Info:    Overwriting math alphabet `\mathit' in version `bold'
(Font)                  OT1/cmr/bx/it --> OT1/cmss/m/it on input line 50.
LaTeX Font Info:    Redeclaring math alphabet \mathtt on input line 50.
LaTeX Font Info:    Overwriting math alphabet `\mathtt' in version `normal'
(Font)                  OT1/cmtt/m/n --> OT1/cmtt/m/n on input line 50.
LaTeX Font Info:    Overwriting math alphabet `\mathtt' in version `bold'
(Font)                  OT1/cmtt/m/n --> OT1/cmtt/m/n on input line 50.
LaTeX Font Info:    Overwriting symbol font `numbers' in version `bold'
(Font)                  OT1/cmss/m/n --> OT1/cmss/bx/n on input line 50.
LaTeX Font Info:    Overwriting symbol font `pureletters' in version `bold'
(Font)                  OT1/cmss/m/it --> OT1/cmss/bx/it on input line 50.
LaTeX Font Info:    Overwriting math alphabet `\mathrm' in version `bold'
(Font)                  OT1/cmss/bx/n --> OT1/cmr/bx/n on input line 50.
LaTeX Font Info:    Overwriting math alphabet `\mathbf' in version `bold'
(Font)                  OT1/cmss/bx/n --> OT1/cmss/bx/n on input line 50.
LaTeX Font Info:    Overwriting math alphabet `\mathsf' in version `bold'
(Font)                  OT1/cmss/m/n --> OT1/cmss/bx/n on input line 50.
LaTeX Font Info:    Overwriting math alphabet `\mathit' in version `bold'
(Font)                  OT1/cmss/m/it --> OT1/cmss/bx/it on input line 50.
LaTeX Font Info:    Overwriting math alphabet `\mathtt' in version `bold'
(Font)                  OT1/cmtt/m/n --> OT1/cmtt/bx/n on input line 50.
LaTeX Font Info:    Redeclaring symbol font `pureletters' on input line 50.
LaTeX Font Info:    Overwriting symbol font `pureletters' in version `normal'
(Font)                  OT1/cmss/m/it --> OT1/mathkerncmss/m/sl on input line 5
0.
LaTeX Font Info:    Overwriting symbol font `pureletters' in version `bold'
(Font)                  OT1/cmss/bx/it --> OT1/mathkerncmss/m/sl on input line 
50.
LaTeX Font Info:    Overwriting symbol font `pureletters' in version `bold'
(Font)                  OT1/mathkerncmss/m/sl --> OT1/mathkerncmss/bx/sl on inp
ut line 50.

("C:\Program Files (x86)\MiKTeX 2.9\tex\latex\beamer\translator\dicts\translato
r-basic-dictionary\translator-basic-dictionary-English.dict"
Dictionary: translator-basic-dictionary, Language: English 
)
("C:\Program Files (x86)\MiKTeX 2.9\tex\latex\beamer\translator\dicts\translato
r-bibliography-dictionary\translator-bibliography-dictionary-English.dict"
Dictionary: translator-bibliography-dictionary, Language: English 
)
("C:\Program Files (x86)\MiKTeX 2.9\tex\latex\beamer\translator\dicts\translato
r-environment-dictionary\translator-environment-dictionary-English.dict"
Dictionary: translator-environment-dictionary, Language: English 
)
("C:\Program Files (x86)\MiKTeX 2.9\tex\latex\beamer\translator\dicts\translato
r-months-dictionary\translator-months-dictionary-English.dict"
Dictionary: translator-months-dictionary, Language: English 
)
("C:\Program Files (x86)\MiKTeX 2.9\tex\latex\beamer\translator\dicts\translato
r-numbers-dictionary\translator-numbers-dictionary-English.dict"
Dictionary: translator-numbers-dictionary, Language: English 
)
("C:\Program Files (x86)\MiKTeX 2.9\tex\latex\beamer\translator\dicts\translato
r-theorem-dictionary\translator-theorem-dictionary-English.dict"
Dictionary: translator-theorem-dictionary, Language: English 
)
(NMR_lectures.nav) [1

{C:/Users/Alexey/AppData/Local/MiKTeX/2.9/pdftex/config/pdftex.map}] (NMR_lectu
res.toc) [2

] [3

] [4

] [5

] [6

]
<figures/wine_spectrum.jpg, id=342, 722.7pt x 542.025pt>
File: figures/wine_spectrum.jpg Graphic file (type jpg)

<use figures/wine_spectrum.jpg>
Package pdftex.def Info: figures/wine_spectrum.jpg used on input line 96.
(pdftex.def)             Requested size: 138.2795pt x 103.70535pt.
LaTeX Font Info:    Try loading font information for U+msa on input line 96.

("C:\Program Files (x86)\MiKTeX 2.9\tex\latex\amsfonts\umsa.fd"
File: umsa.fd 2013/01/14 v3.01 AMS symbols A
)
LaTeX Font Info:    Try loading font information for U+msb on input line 96.

("C:\Program Files (x86)\MiKTeX 2.9\tex\latex\amsfonts\umsb.fd"
File: umsb.fd 2013/01/14 v3.01 AMS symbols B
)
LaTeX Font Info:    Try loading font information for OT1+mathkerncmss on input 
line 96.

("C:\Program Files (x86)\MiKTeX 2.9\tex\latex\sansmathaccent\ot1mathkerncmss.fd
"
File: ot1mathkerncmss.fd 2013/03/27 Fontinst v1.933 font definitions for OT1/ma
thkerncmss.
) <figures/prion.jpg, id=345, 1284.8pt x 1055.945pt>
File: figures/prion.jpg Graphic file (type jpg)
 <use figures/prion.jpg>
Package pdftex.def Info: figures/prion.jpg used on input line 96.
(pdftex.def)             Requested size: 138.2795pt x 113.64076pt.

Underfull \hbox (badness 7030) in paragraph at lines 96--96
[]\OT1/cmss/m/n/8 Fig.2: NMR-derived struc-ture of
 []


Underfull \hbox (badness 10000) in paragraph at lines 96--96
\OT1/cmss/m/n/8 a prion []$\OT1/cmtt/m/n/8 http : / / www . pnas . org /$
 []

[7

 <./figures/wine_spectrum.jpg> <./figures/prion.jpg>]
<figures/well_logging1.jpg, id=381, 147.46986pt x 415.0642pt>
File: figures/well_logging1.jpg Graphic file (type jpg)

<use figures/well_logging1.jpg>
Package pdftex.def Info: figures/well_logging1.jpg used on input line 129.
(pdftex.def)             Requested size: 46.0916pt x 129.72623pt.

<figures/well_logging2.png, id=382, 198.7425pt x 326.21875pt>
File: figures/well_logging2.png Graphic file (type png)

<use figures/well_logging2.png>
Package pdftex.def Info: figures/well_logging2.png used on input line 129.
(pdftex.def)             Requested size: 46.0916pt x 75.65591pt.

<figures/well_logging3.png, id=384, 361.35pt x 864.22874pt>
File: figures/well_logging3.png Graphic file (type png)

<use figures/well_logging3.png>
Package pdftex.def Info: figures/well_logging3.png used on input line 129.
(pdftex.def)             Requested size: 46.0916pt x 110.23056pt.
 [8

 <./figures/well_logging1.jpg> <./figures/well_logging2.png> <./figures/well_lo
gging3.png>]
<figures/mri.jpeg, id=414, 1499.6025pt x 1220.56pt>
File: figures/mri.jpeg Graphic file (type jpg)
 <use figures/mri.jpeg>
Package pdftex.def Info: figures/mri.jpeg used on input line 141.
(pdftex.def)             Requested size: 215.10196pt x 175.06769pt.

Overfull \vbox (7.89615pt too high) detected at line 141
 []

[9

 <./figures/mri.jpeg>]

Class beamer Warning: Frame text is shrunk by a factor of 8.20618 percent inste
ad of 5 percent on input line 174.

[10

]

Class beamer Warning: Frame text is shrunk by a factor of 8.20618 percent inste
ad of 5 percent on input line 174.

[11

]

Class beamer Warning: Frame text is shrunk by a factor of 8.20618 percent inste
ad of 5 percent on input line 174.

[12

]

Class beamer Warning: Frame text is shrunk by a factor of 8.20618 percent inste
ad of 5 percent on input line 174.

[13

] [14

] [15

] [16

] <figures/precession.png, id=638, 170.0754pt x 205.2468pt>
File: figures/precession.png Graphic file (type png)

<use figures/precession.png>
Package pdftex.def Info: figures/precession.png used on input line 230.
(pdftex.def)             Requested size: 86.03946pt x 103.83514pt.
 [17

 <./figures/precession.png>]
File: figures/precession.png Graphic file (type png)

<use figures/precession.png>
Package pdftex.def Info: figures/precession.png used on input line 230.
(pdftex.def)             Requested size: 86.03946pt x 103.83514pt.
 [18

] [19

] [20

] [21

] [22

] [23

] [24

] [25

] [26

]
[27

] [28

] [29

]
Overfull \hbox (7.16524pt too wide) in paragraph at lines 350--350
 []|\OT1/cmss/m/n/10.95 Nucleus| 
 []


Overfull \hbox (6.00941pt too wide) in paragraph at lines 350--350
 []|\OT1/cmss/m/n/10.95 Nuclear 
 []


Overfull \hbox (8.78488pt too wide) in paragraph at lines 350--350
 [] 
 []


Overfull \vbox (1.47937pt too high) detected at line 350
 []

[30

]
Overfull \hbox (7.16524pt too wide) in paragraph at lines 350--350
 []|\OT1/cmss/m/n/10.95 Nucleus| 
 []


Overfull \hbox (6.00941pt too wide) in paragraph at lines 350--350
 []|\OT1/cmss/m/n/10.95 Nuclear 
 []


Overfull \hbox (8.78488pt too wide) in paragraph at lines 350--350
 [] 
 []


Overfull \vbox (1.47937pt too high) detected at line 350
 []

[31

]
Overfull \hbox (7.16524pt too wide) in paragraph at lines 350--350
 []|\OT1/cmss/m/n/10.95 Nucleus| 
 []


Overfull \hbox (6.00941pt too wide) in paragraph at lines 350--350
 []|\OT1/cmss/m/n/10.95 Nuclear 
 []


Overfull \hbox (8.78488pt too wide) in paragraph at lines 350--350
 [] 
 []


Overfull \vbox (1.47937pt too high) detected at line 350
 []

[32

] [33

] <figures/two-level_system.png, id=1093, 446.6286pt x 298.2342pt>
File: figures/two-level_system.png Graphic file (type png)

<use figures/two-level_system.png>
Package pdftex.def Info: figures/two-level_system.png used on input line 382.
(pdftex.def)             Requested size: 153.64493pt x 102.59511pt.
 [34

 <./figures/two-level_system.png>]
File: figures/two-level_system.png Graphic file (type png)

<use figures/two-level_system.png>
Package pdftex.def Info: figures/two-level_system.png used on input line 382.
(pdftex.def)             Requested size: 153.64493pt x 102.59511pt.
 [35

]
File: figures/two-level_system.png Graphic file (type png)
 <use figures/two-level_system.png>
Package pdftex.def Info: figures/two-level_system.png used on input line 382.
(pdftex.def)             Requested size: 153.64493pt x 102.59511pt.

[36

]
Underfull \hbox (badness 10000) in paragraph at lines 411--411
[][]\OT1/cmss/m/n/9 More can be found in Bruker Al-manac at
 []


Underfull \hbox (badness 10000) in paragraph at lines 411--411
\OT1/cmss/m/n/9 https://lsa.umich.edu/content/dam/chem-assets/chem-
 []


Overfull \hbox (7.16524pt too wide) in paragraph at lines 411--411
 []|\OT1/cmss/m/n/10.95 Nucleus| 
 []


Overfull \hbox (6.00941pt too wide) in paragraph at lines 411--411
 []|\OT1/cmss/m/n/10.95 Nuclear 
 []

[37

]
Underfull \hbox (badness 10000) in paragraph at lines 411--411
[][]\OT1/cmss/m/n/9 More can be found in Bruker Al-manac at
 []


Underfull \hbox (badness 10000) in paragraph at lines 411--411
\OT1/cmss/m/n/9 https://lsa.umich.edu/content/dam/chem-assets/chem-
 []


Overfull \hbox (7.16524pt too wide) in paragraph at lines 411--411
 []|\OT1/cmss/m/n/10.95 Nucleus| 
 []


Overfull \hbox (6.00941pt too wide) in paragraph at lines 411--411
 []|\OT1/cmss/m/n/10.95 Nuclear 
 []

[38

] [39

] [40

]
Overfull \vbox (6.85196pt too high) detected at line 450
 []

[41

]

Class beamer Warning: Frame text is shrunk by a factor of 15.46173 percent inst
ead of 5 percent on input line 476.

[42

]

Class beamer Warning: Frame text is shrunk by a factor of 15.46173 percent inst
ead of 5 percent on input line 476.

[43

]

Class beamer Warning: Frame text is shrunk by a factor of 6.8161 percent instea
d of 5 percent on input line 476.

[44

]

Class beamer Warning: Frame text is shrunk by a factor of 6.8161 percent instea
d of 5 percent on input line 476.

[45

] <figures/two-level_excite.png, id=1416, 445.1832pt x 298.2342pt>
File: figures/two-level_excite.png Graphic file (type png)

<use figures/two-level_excite.png>
Package pdftex.def Info: figures/two-level_excite.png used on input line 492.
(pdftex.def)             Requested size: 153.64493pt x 102.9273pt.
 [46

 <./figures/two-level_excite.png>]
File: figures/two-level_excite.png Graphic file (type png)

<use figures/two-level_excite.png>
Package pdftex.def Info: figures/two-level_excite.png used on input line 492.
(pdftex.def)             Requested size: 153.64493pt x 102.9273pt.
 [47

]
<figures/two_level_population.png, id=1472, 306.9066pt x 232.7094pt>
File: figures/two_level_population.png Graphic file (type png)

<use figures/two_level_population.png>
Package pdftex.def Info: figures/two_level_population.png used on input line 50
7.
(pdftex.def)             Requested size: 92.1879pt x 69.90211pt.
 [48

 <./figures/two_level_population.png>]
File: figures/two_level_population.png Graphic file (type png)
 <use figures/two_level_population.png>
Package pdftex.def Info: figures/two_level_population.png used on input line 50
7.
(pdftex.def)             Requested size: 92.1879pt x 69.90211pt.
 [49

] [50

] [51

] [52

] [53

] [54

]
(NMR_lectures.toc) [55

]
<figures/diamagnetic_term.png, id=1700, 245.718pt x 246.6816pt>
File: figures/diamagnetic_term.png Graphic file (type png)

<use figures/diamagnetic_term.png>
Package pdftex.def Info: figures/diamagnetic_term.png used on input line 589.
(pdftex.def)             Requested size: 110.62401pt x 111.05838pt.
 [56

 <./figures/diamagnetic_term.png>]
File: figures/diamagnetic_term.png Graphic file (type png)

<use figures/diamagnetic_term.png>
Package pdftex.def Info: figures/diamagnetic_term.png used on input line 589.
(pdftex.def)             Requested size: 110.62401pt x 111.05838pt.
 [57

]
<figures/benzene1.png, id=1759, 516.4896pt x 159.9576pt>
File: figures/benzene1.png Graphic file (type png)

<use figures/benzene1.png>
Package pdftex.def Info: figures/benzene1.png used on input line 649.
(pdftex.def)             Requested size: 92.1879pt x 28.54948pt.

<figures/benzene2.png, id=1760, 468.7914pt x 384.9582pt>
File: figures/benzene2.png Graphic file (type png)

<use figures/benzene2.png>
Package pdftex.def Info: figures/benzene2.png used on input line 649.
(pdftex.def)             Requested size: 92.1879pt x 75.698pt.

Underfull \hbox (badness 1622) in paragraph at lines 649--649
[]\OT1/cmss/m/n/8 Fig.5: (top) Schematic
 []


Underfull \hbox (badness 4595) in paragraph at lines 649--649
\OT1/cmss/m/n/8 rep-sre-sen-ta-tion of elec-
 []


Underfull \hbox (badness 1616) in paragraph at lines 649--649
\OT1/cmss/m/n/8 tron or-bitals in a ben-
 []


Underfull \hbox (badness 4595) in paragraph at lines 649--649
\OT1/cmss/m/n/8 lo-cal fields in a ben-
 []


Underfull \hbox (badness 2111) in paragraph at lines 649--649
\OT1/cmss/m/n/8 zene molecule pro-duced
 []


Underfull \hbox (badness 1270) in paragraph at lines 649--649
\OT1/cmss/m/n/8 by elec-tron cur-rents in-
 []

[58

 <./figures/benzene1.png> <./figures/benzene2.png>]
File: figures/benzene1.png Graphic file (type png)

<use figures/benzene1.png>
Package pdftex.def Info: figures/benzene1.png used on input line 649.
(pdftex.def)             Requested size: 92.1879pt x 28.54948pt.
File: figures/benzene2.png Graphic file (type png)
 <use figures/benzene2.png>
Package pdftex.def Info: figures/benzene2.png used on input line 649.
(pdftex.def)             Requested size: 92.1879pt x 75.698pt.

Underfull \hbox (badness 1622) in paragraph at lines 649--649
[]\OT1/cmss/m/n/8 Fig.5: (top) Schematic
 []


Underfull \hbox (badness 4595) in paragraph at lines 649--649
\OT1/cmss/m/n/8 rep-sre-sen-ta-tion of elec-
 []


Underfull \hbox (badness 1616) in paragraph at lines 649--649
\OT1/cmss/m/n/8 tron or-bitals in a ben-
 []


Underfull \hbox (badness 4595) in paragraph at lines 649--649
\OT1/cmss/m/n/8 lo-cal fields in a ben-
 []


Underfull \hbox (badness 2111) in paragraph at lines 649--649
\OT1/cmss/m/n/8 zene molecule pro-duced
 []


Underfull \hbox (badness 1270) in paragraph at lines 649--649
\OT1/cmss/m/n/8 by elec-tron cur-rents in-
 []

[59

]
File: figures/benzene1.png Graphic file (type png)
 <use figures/benzene1.png>
Package pdftex.def Info: figures/benzene1.png used on input line 649.
(pdftex.def)             Requested size: 92.1879pt x 28.54948pt.
File: figures/benzene2.png Graphic file (type png)
 <use figures/benzene2.png>
Package pdftex.def Info: figures/benzene2.png used on input line 649.
(pdftex.def)             Requested size: 92.1879pt x 75.698pt.

Underfull \hbox (badness 1622) in paragraph at lines 649--649
[]\OT1/cmss/m/n/8 Fig.5: (top) Schematic
 []


Underfull \hbox (badness 4595) in paragraph at lines 649--649
\OT1/cmss/m/n/8 rep-sre-sen-ta-tion of elec-
 []


Underfull \hbox (badness 1616) in paragraph at lines 649--649
\OT1/cmss/m/n/8 tron or-bitals in a ben-
 []


Underfull \hbox (badness 4595) in paragraph at lines 649--649
\OT1/cmss/m/n/8 lo-cal fields in a ben-
 []


Underfull \hbox (badness 2111) in paragraph at lines 649--649
\OT1/cmss/m/n/8 zene molecule pro-duced
 []


Underfull \hbox (badness 1270) in paragraph at lines 649--649
\OT1/cmss/m/n/8 by elec-tron cur-rents in-
 []

[60

]
File: figures/benzene1.png Graphic file (type png)
 <use figures/benzene1.png>
Package pdftex.def Info: figures/benzene1.png used on input line 649.
(pdftex.def)             Requested size: 92.1879pt x 28.54948pt.
File: figures/benzene2.png Graphic file (type png)
 <use figures/benzene2.png>
Package pdftex.def Info: figures/benzene2.png used on input line 649.
(pdftex.def)             Requested size: 92.1879pt x 75.698pt.

Underfull \hbox (badness 1622) in paragraph at lines 649--649
[]\OT1/cmss/m/n/8 Fig.5: (top) Schematic
 []


Underfull \hbox (badness 4595) in paragraph at lines 649--649
\OT1/cmss/m/n/8 rep-sre-sen-ta-tion of elec-
 []


Underfull \hbox (badness 1616) in paragraph at lines 649--649
\OT1/cmss/m/n/8 tron or-bitals in a ben-
 []


Underfull \hbox (badness 4595) in paragraph at lines 649--649
\OT1/cmss/m/n/8 lo-cal fields in a ben-
 []


Underfull \hbox (badness 2111) in paragraph at lines 649--649
\OT1/cmss/m/n/8 zene molecule pro-duced
 []


Underfull \hbox (badness 1270) in paragraph at lines 649--649
\OT1/cmss/m/n/8 by elec-tron cur-rents in-
 []

[61

]
File: figures/benzene1.png Graphic file (type png)
 <use figures/benzene1.png>
Package pdftex.def Info: figures/benzene1.png used on input line 649.
(pdftex.def)             Requested size: 92.1879pt x 28.54948pt.
File: figures/benzene2.png Graphic file (type png)
 <use figures/benzene2.png>
Package pdftex.def Info: figures/benzene2.png used on input line 649.
(pdftex.def)             Requested size: 92.1879pt x 75.698pt.

Underfull \hbox (badness 1622) in paragraph at lines 649--649
[]\OT1/cmss/m/n/8 Fig.5: (top) Schematic
 []


Underfull \hbox (badness 4595) in paragraph at lines 649--649
\OT1/cmss/m/n/8 rep-sre-sen-ta-tion of elec-
 []


Underfull \hbox (badness 1616) in paragraph at lines 649--649
\OT1/cmss/m/n/8 tron or-bitals in a ben-
 []


Underfull \hbox (badness 4595) in paragraph at lines 649--649
\OT1/cmss/m/n/8 lo-cal fields in a ben-
 []


Underfull \hbox (badness 2111) in paragraph at lines 649--649
\OT1/cmss/m/n/8 zene molecule pro-duced
 []


Underfull \hbox (badness 1270) in paragraph at lines 649--649
\OT1/cmss/m/n/8 by elec-tron cur-rents in-
 []

[62

] <figures/tetramethylsilane.png, id=1896, 99.31142pt x 76.3517pt>
File: figures/tetramethylsilane.png Graphic file (type png)

<use figures/tetramethylsilane.png>
Package pdftex.def Info: figures/tetramethylsilane.png used on input line 679.
(pdftex.def)             Requested size: 49.65558pt x 38.17575pt.

Overfull \hbox (3.56398pt too wide) in paragraph at lines 679--679
 [][] 
 []

<figures/proton_chemical_shifts.png, id=1897, 418.13358pt x 264.99pt>
File: figures/proton_chemical_shifts.png Graphic file (type png)

<use figures/proton_chemical_shifts.png>
Package pdftex.def Info: figures/proton_chemical_shifts.png used on input line 
679.
(pdftex.def)             Requested size: 153.64493pt x 97.3695pt.

Underfull \hbox (badness 1077) in paragraph at lines 679--679
[]\OT1/cmss/m/n/8 Fig.6: Chem-i-cal shifts in var-i-ous or-ganic molecules Sour
ce: []$\OT1/cmtt/m/n/8 http : / / orgchem .$
 []


Overfull \vbox (2.89871pt too high) detected at line 679
 []

[63

 <./figures/tetramethylsilane.png> <./figures/proton_chemical_shifts.png>]
File: figures/tetramethylsilane.png Graphic file (type png)

<use figures/tetramethylsilane.png>
Package pdftex.def Info: figures/tetramethylsilane.png used on input line 679.
(pdftex.def)             Requested size: 49.65558pt x 38.17575pt.

Overfull \hbox (3.56398pt too wide) in paragraph at lines 679--679
 [][] 
 []

File: figures/proton_chemical_shifts.png Graphic file (type png)
<use figures/proton_chemical_shifts.png>
Package pdftex.def Info: figures/proton_chemical_shifts.png used on input line 
679.
(pdftex.def)             Requested size: 153.64493pt x 97.3695pt.

Underfull \hbox (badness 1077) in paragraph at lines 679--679
[]\OT1/cmss/m/n/8 Fig.6: Chem-i-cal shifts in var-i-ous or-ganic molecules Sour
ce: []$\OT1/cmtt/m/n/8 http : / / orgchem .$
 []


Overfull \vbox (2.89871pt too high) detected at line 679
 []

[64

] <figures/methyl_acetate.png, id=1961, 410.53375pt x 238.8925pt>
File: figures/methyl_acetate.png Graphic file (type png)

<use figures/methyl_acetate.png>
Package pdftex.def Info: figures/methyl_acetate.png used on input line 703.
(pdftex.def)             Requested size: 122.91406pt x 71.52249pt.

Underfull \hbox (badness 10000) in paragraph at lines 703--703
[]\OT1/cmss/m/n/8 Fig.7: $[]$H spec-trum of
 []


Underfull \hbox (badness 10000) in paragraph at lines 703--703
\OT1/cmss/m/n/8 methyl ac-etate. Source:
 []


Underfull \hbox (badness 10000) in paragraph at lines 703--703
[]$\OT1/cmtt/m/n/8 http : / / chemwiki . ucdavies .$
 []

[65

 <./figures/methyl_acetate.png>]
File: figures/methyl_acetate.png Graphic file (type png)
 <use figures/methyl_acetate.png>
Package pdftex.def Info: figures/methyl_acetate.png used on input line 703.
(pdftex.def)             Requested size: 122.91406pt x 71.52249pt.

Underfull \hbox (badness 10000) in paragraph at lines 703--703
[]\OT1/cmss/m/n/8 Fig.7: $[]$H spec-trum of
 []


Underfull \hbox (badness 10000) in paragraph at lines 703--703
\OT1/cmss/m/n/8 methyl ac-etate. Source:
 []


Underfull \hbox (badness 10000) in paragraph at lines 703--703
[]$\OT1/cmtt/m/n/8 http : / / chemwiki . ucdavies .$
 []

[66

]
File: figures/methyl_acetate.png Graphic file (type png)
 <use figures/methyl_acetate.png>
Package pdftex.def Info: figures/methyl_acetate.png used on input line 703.
(pdftex.def)             Requested size: 122.91406pt x 71.52249pt.

Underfull \hbox (badness 10000) in paragraph at lines 703--703
[]\OT1/cmss/m/n/8 Fig.7: $[]$H spec-trum of
 []


Underfull \hbox (badness 10000) in paragraph at lines 703--703
\OT1/cmss/m/n/8 methyl ac-etate. Source:
 []


Underfull \hbox (badness 10000) in paragraph at lines 703--703
[]$\OT1/cmtt/m/n/8 http : / / chemwiki . ucdavies .$
 []

[67

]
File: figures/methyl_acetate.png Graphic file (type png)
 <use figures/methyl_acetate.png>
Package pdftex.def Info: figures/methyl_acetate.png used on input line 703.
(pdftex.def)             Requested size: 122.91406pt x 71.52249pt.

Underfull \hbox (badness 10000) in paragraph at lines 703--703
[]\OT1/cmss/m/n/8 Fig.7: $[]$H spec-trum of
 []


Underfull \hbox (badness 10000) in paragraph at lines 703--703
\OT1/cmss/m/n/8 methyl ac-etate. Source:
 []


Underfull \hbox (badness 10000) in paragraph at lines 703--703
[]$\OT1/cmtt/m/n/8 http : / / chemwiki . ucdavies .$
 []

[68

]
File: figures/methyl_acetate.png Graphic file (type png)
 <use figures/methyl_acetate.png>
Package pdftex.def Info: figures/methyl_acetate.png used on input line 703.
(pdftex.def)             Requested size: 122.91406pt x 71.52249pt.

Underfull \hbox (badness 10000) in paragraph at lines 703--703
[]\OT1/cmss/m/n/8 Fig.7: $[]$H spec-trum of
 []


Underfull \hbox (badness 10000) in paragraph at lines 703--703
\OT1/cmss/m/n/8 methyl ac-etate. Source:
 []


Underfull \hbox (badness 10000) in paragraph at lines 703--703
[]$\OT1/cmtt/m/n/8 http : / / chemwiki . ucdavies .$
 []

[69

] <figures/carbon_chemical_shifts.png, id=2108, 688.5725pt x 211.79124pt>
File: figures/carbon_chemical_shifts.png Graphic file (type png)

<use figures/carbon_chemical_shifts.png>
Package pdftex.def Info: figures/carbon_chemical_shifts.png used on input line 
711.
(pdftex.def)             Requested size: 307.28987pt x 94.51665pt.
 [70

 <./figures/carbon_chemical_shifts.png>] <figures/J-coupling.png, id=2136, 436.
9926pt x 185.0112pt>
File: figures/J-coupling.png Graphic file (type png)

<use figures/J-coupling.png>
Package pdftex.def Info: figures/J-coupling.png used on input line 724.
(pdftex.def)             Requested size: 218.49576pt x 92.50537pt.

Overfull \vbox (4.98111pt too high) detected at line 724
 []

[71

 <./figures/J-coupling.png>] [72

] [73

] [74

] [75

] [76

] [77

]
<figures/AXsystem.png, id=2321, 840.741pt x 628.749pt>
File: figures/AXsystem.png Graphic file (type png)

<use figures/AXsystem.png>
Package pdftex.def Info: figures/AXsystem.png used on input line 808.
(pdftex.def)             Requested size: 245.83282pt x 183.83878pt.
pdfTeX warning (ext4): destination with the same identifier (name{fig1}) has be
en already used, duplicate ignored
<to be read again> 
                   \relax 
l.808 \end{frame}
                 
Overfull \vbox (9.9228pt too high) detected at line 808
 []

[78

 <./figures/AXsystem.png>] [79

]
<figures/nmracetaldehyde.png, id=2376, 970.3452pt x 443.7378pt>
File: figures/nmracetaldehyde.png Graphic file (type png)

<use figures/nmracetaldehyde.png>
Package pdftex.def Info: figures/nmracetaldehyde.png used on input line 851.
(pdftex.def)             Requested size: 194.0656pt x 88.74599pt.
pdfTeX warning (ext4): destination with the same identifier (name{fig1}) has be
en already used, duplicate ignored
<to be read again> 
                   \relax 
l.851 \end{frame}
                  [80

 <./figures/nmracetaldehyde.png>]
<figures/ethyl_alcohol.jpg, id=2406, 200.75pt x 200.75pt>
File: figures/ethyl_alcohol.jpg Graphic file (type jpg)

<use figures/ethyl_alcohol.jpg>
Package pdftex.def Info: figures/ethyl_alcohol.jpg used on input line 868.
(pdftex.def)             Requested size: 40.14928pt x 40.14928pt.

<figures/ethyl_alcohol_nmr.png, id=2407, 622.325pt x 456.70625pt>
File: figures/ethyl_alcohol_nmr.png Graphic file (type png)

<use figures/ethyl_alcohol_nmr.png>
Package pdftex.def Info: figures/ethyl_alcohol_nmr.png used on input line 868.
(pdftex.def)             Requested size: 124.46278pt x 91.33963pt.

Overfull \vbox (8.14804pt too high) detected at line 868
 []

[81

 <./figures/ethyl_alcohol.jpg> <./figures/ethyl_alcohol_nmr.png>]
File: figures/ethyl_alcohol.jpg Graphic file (type jpg)

<use figures/ethyl_alcohol.jpg>
Package pdftex.def Info: figures/ethyl_alcohol.jpg used on input line 868.
(pdftex.def)             Requested size: 40.14928pt x 40.14928pt.
File: figures/ethyl_alcohol_nmr.png Graphic file (type png)
 <use figures/ethyl_alcohol_nmr.png>
Package pdftex.def Info: figures/ethyl_alcohol_nmr.png used on input line 868.
(pdftex.def)             Requested size: 124.46278pt x 91.33963pt.

Overfull \vbox (8.14804pt too high) detected at line 868
 []

[82

] <figures/j-couplings.png, id=2459, 385.44pt x 166.6225pt>
File: figures/j-couplings.png Graphic file (type png)

<use figures/j-couplings.png>
Package pdftex.def Info: figures/j-couplings.png used on input line 900.
(pdftex.def)             Requested size: 154.17326pt x 66.64781pt.

Underfull \hbox (badness 10000) in paragraph at lines 900--900
[]\OT1/cmss/m/n/8 Fig.13: Typ-i-cal J-couplings []$\OT1/cmtt/m/n/8 https : / / 
chem . libretexts . org / Textbook _ Maps /$
 []

<figures/C2H2Cl4.png, id=2462, 820.9872pt x 399.4122pt>
File: figures/C2H2Cl4.png Graphic file (type png)

<use figures/C2H2Cl4.png>
Package pdftex.def Info: figures/C2H2Cl4.png used on input line 900.
(pdftex.def)             Requested size: 98.5142pt x 47.92738pt.

Underfull \hbox (badness 10000) in paragraph at lines 900--900
[]\OT1/cmss/m/n/8 Fig.14: Di-he-dral an-gle in 1,1,2,2-
 []

pdfTeX warning (ext4): destination with the same identifier (name{fig1}) has be
en already used, duplicate ignored
<to be read again> 
                   \relax 
l.900 \end{frame}
                 
Overfull \vbox (6.36618pt too high) detected at line 900
 []

[83

 <./figures/j-couplings.png> <./figures/C2H2Cl4.png>]
<figures/CF3H.png, id=2492, 466.8642pt x 383.031pt>
File: figures/CF3H.png Graphic file (type png)
 <use figures/CF3H.png>
Package pdftex.def Info: figures/CF3H.png used on input line 909.
(pdftex.def)             Requested size: 233.43152pt x 191.51503pt.

[84

 <./figures/CF3H.png>] [85

] [86

] [87

] [88

] [89

]
File: figures/tetramethylsilane.png Graphic file (type png)

<use figures/tetramethylsilane.png>
Package pdftex.def Info: figures/tetramethylsilane.png used on input line 966.
(pdftex.def)             Requested size: 49.65558pt x 38.17575pt.

<figures/Benzene-2D-flat.png, id=2651, 275.0275pt x 295.1025pt>
File: figures/Benzene-2D-flat.png Graphic file (type png)

<use figures/Benzene-2D-flat.png>
Package pdftex.def Info: figures/Benzene-2D-flat.png used on input line 966.
(pdftex.def)             Requested size: 41.25233pt x 44.26346pt.
 [90

 <./figures/Benzene-2D-flat.png>]
File: figures/tetramethylsilane.png Graphic file (type png)

<use figures/tetramethylsilane.png>
Package pdftex.def Info: figures/tetramethylsilane.png used on input line 966.
(pdftex.def)             Requested size: 49.65558pt x 38.17575pt.
File: figures/Benzene-2D-flat.png Graphic file (type png)
 <use figures/Benzene-2D-flat.png>
Package pdftex.def Info: figures/Benzene-2D-flat.png used on input line 966.
(pdftex.def)             Requested size: 41.25233pt x 44.26346pt.
 [91

]
<figures/DBTproblem1.png, id=2708, 461.0826pt x 176.8206pt>
File: figures/DBTproblem1.png Graphic file (type png)

<use figures/DBTproblem1.png>
Package pdftex.def Info: figures/DBTproblem1.png used on input line 974.
(pdftex.def)             Requested size: 138.32584pt x 53.04657pt.
 [92

 <./figures/DBTproblem1.png>]
File: figures/DBTproblem1.png Graphic file (type png)

<use figures/DBTproblem1.png>
Package pdftex.def Info: figures/DBTproblem1.png used on input line 981.
(pdftex.def)             Requested size: 184.42976pt x 70.72697pt.

<figures/DBTproblem2.png, id=2735, 785.8158pt x 276.0714pt>
File: figures/DBTproblem2.png Graphic file (type png)

<use figures/DBTproblem2.png>
Package pdftex.def Info: figures/DBTproblem2.png used on input line 981.
(pdftex.def)             Requested size: 314.32076pt x 110.42659pt.

Overfull \hbox (7.03088pt too wide) in paragraph at lines 981--981
 [][] 
 []

[93

 <./figures/DBTproblem2.png>] [94

] [95

] [96

]
<figures/ABsystem.png, id=2840, 796.8972pt x 619.5948pt>
File: figures/ABsystem.png Graphic file (type png)

<use figures/ABsystem.png>
Package pdftex.def Info: figures/ABsystem.png used on input line 1038.
(pdftex.def)             Requested size: 159.37662pt x 123.91676pt.

Overfull \vbox (11.36858pt too high) detected at line 1038
 []

[97

 <./figures/ABsystem.png>]
Overfull \hbox (27.82126pt too wide) in paragraph at lines 1052--1052
[]  
 []

[98

] <figures/bromothiophene.png, id=2897, 596.2275pt x 445.665pt>
File: figures/bromothiophene.png Graphic file (type png)

<use figures/bromothiophene.png>
Package pdftex.def Info: figures/bromothiophene.png used on input line 1075.
(pdftex.def)             Requested size: 149.0565pt x 111.41597pt.
 [99

 <./figures/bromothiophene.png>]
<figures/ABspectra.png, id=2928, 1009.8528pt x 276.0714pt>
File: figures/ABspectra.png Graphic file (type png)

<use figures/ABspectra.png>
Package pdftex.def Info: figures/ABspectra.png used on input line 1105.
(pdftex.def)             Requested size: 252.46259pt x 69.01767pt.
 [100

 <./figures/ABspectra.png>]
<figures/ABspectra2.png, id=2957, 442.2924pt x 470.7186pt>
File: figures/ABspectra2.png Graphic file (type png)

<use figures/ABspectra2.png>
Package pdftex.def Info: figures/ABspectra2.png used on input line 1113.
(pdftex.def)             Requested size: 176.91382pt x 188.28409pt.
 [101

 <./figures/ABspectra2.png>] [102

]
(NMR_lectures.toc) [103

]
Overfull \hbox (15.79494pt too wide) in paragraph at lines 1156--1156
[] 
 []

<figures/dipolar_fields.png, id=3046, 718.685pt x 555.07375pt>
File: figures/dipolar_fields.png Graphic file (type png)

<use figures/dipolar_fields.png>
Package pdftex.def Info: figures/dipolar_fields.png used on input line 1156.
(pdftex.def)             Requested size: 71.8727pt x 55.51062pt.

Overfull \vbox (60.00218pt too high) detected at line 1156
 []

[104

 <./figures/dipolar_fields.png>]
Overfull \hbox (15.79494pt too wide) in paragraph at lines 1156--1156
[] 
 []

File: figures/dipolar_fields.png Graphic file (type png)
<use figures/dipolar_fields.png>
Package pdftex.def Info: figures/dipolar_fields.png used on input line 1156.
(pdftex.def)             Requested size: 71.8727pt x 55.51062pt.

Overfull \vbox (60.00218pt too high) detected at line 1156
 []

[105

]
Overfull \hbox (15.79494pt too wide) in paragraph at lines 1156--1156
[] 
 []

File: figures/dipolar_fields.png Graphic file (type png)
<use figures/dipolar_fields.png>
Package pdftex.def Info: figures/dipolar_fields.png used on input line 1156.
(pdftex.def)             Requested size: 71.8727pt x 55.51062pt.

Overfull \vbox (60.00218pt too high) detected at line 1156
 []

[106

] [107

] [108

] [109

] [110

] [111

] [112

]
<figures/NMRdoublets.png, id=3286, 748.2354pt x 246.1998pt>
File: figures/NMRdoublets.png Graphic file (type png)

<use figures/NMRdoublets.png>
Package pdftex.def Info: figures/NMRdoublets.png used on input line 1269.
(pdftex.def)             Requested size: 224.47235pt x 73.8605pt.
 [113

 <./figures/NMRdoublets.png>]
<figures/powder_pattern.png, id=3314, 249.93375pt x 307.1475pt>
File: figures/powder_pattern.png Graphic file (type png)

<use figures/powder_pattern.png>
Package pdftex.def Info: figures/powder_pattern.png used on input line 1289.
(pdftex.def)             Requested size: 74.9807pt x 92.14496pt.

Underfull \hbox (badness 3449) in paragraph at lines 1289--1289
[]\OT1/cmss/m/n/8 Fig.20: Pow-der pat-ter
 []


Underfull \hbox (badness 1565) in paragraph at lines 1289--1289
\OT1/cmss/m/n/8 lated to con-ti-nous line.
 []


Underfull \hbox (badness 4217) in paragraph at lines 1289--1289
[]\OT1/cmss/m/n/10.95 In most solids mul-ti-ple spins in-ter-act
 []

[114

 <./figures/powder_pattern.png (PNG copy)>]
<figures/powder_pattern2.png, id=3343, 748.2354pt x 509.2626pt>
File: figures/powder_pattern2.png Graphic file (type png)

<use figures/powder_pattern2.png>
Package pdftex.def Info: figures/powder_pattern2.png used on input line 1299.
(pdftex.def)             Requested size: 224.47235pt x 152.77995pt.
 [115

 <./figures/powder_pattern2.png>]
<figures/solid-liquid_NMR.png, id=3371, 2310.6325pt x 1227.58624pt>
File: figures/solid-liquid_NMR.png Graphic file (type png)

<use figures/solid-liquid_NMR.png>
Package pdftex.def Info: figures/solid-liquid_NMR.png used on input line 1309.
(pdftex.def)             Requested size: 231.07678pt x 122.76581pt.
 [116

 <./figures/solid-liquid_NMR.png>]
<figures/CSA1.png, id=3400, 475.54764pt x 129.09297pt>
File: figures/CSA1.png Graphic file (type png)
 <use figures/CSA1.png>
Package pdftex.def Info: figures/CSA1.png used on input line 1344.
(pdftex.def)             Requested size: 285.33078pt x 77.45638pt.


Class beamer Warning: Frame text is shrunk by a factor of 18.80951 percent inst
ead of 5 percent on input line 1344.

[117

 <./figures/CSA1.png>]
File: figures/CSA1.png Graphic file (type png)
 <use figures/CSA1.png>
Package pdftex.def Info: figures/CSA1.png used on input line 1344.
(pdftex.def)             Requested size: 285.33078pt x 77.45638pt.


Class beamer Warning: Frame text is shrunk by a factor of 18.80951 percent inst
ead of 5 percent on input line 1344.

[118

] [119

] <figures/CSA_tensor.png, id=3486, 306.4248pt x 323.7696pt>
File: figures/CSA_tensor.png Graphic file (type png)

<use figures/CSA_tensor.png>
Package pdftex.def Info: figures/CSA_tensor.png used on input line 1411.
(pdftex.def)             Requested size: 91.92815pt x 97.13162pt.

Overfull \vbox (0.97145pt too high) detected at line 1411
 []

[120

 <./figures/CSA_tensor.png>]
File: figures/CSA_tensor.png Graphic file (type png)
 <use figures/CSA_tensor.png>
Package pdftex.def Info: figures/CSA_tensor.png used on input line 1411.
(pdftex.def)             Requested size: 91.92815pt x 97.13162pt.

Overfull \vbox (0.97145pt too high) detected at line 1411
 []

[121

] [122

] <figures/CSA2.png, id=3570, 262.581pt x 368.0952pt>
File: figures/CSA2.png Graphic file (type png)

<use figures/CSA2.png>
Package pdftex.def Info: figures/CSA2.png used on input line 1437.
(pdftex.def)             Requested size: 105.03052pt x 147.23546pt.

Overfull \vbox (10.02727pt too high) detected at line 1437
 []

[123

 <./figures/CSA2.png>] [124

]
<figures/MAS.png, id=3622, 285.7074pt x 255.8358pt>
File: figures/MAS.png Graphic file (type png)
 <use figures/MAS.png>
Package pdftex.def Info: figures/MAS.png used on input line 1469.
(pdftex.def)             Requested size: 114.28091pt x 102.3325pt.


Class beamer Warning: Frame text is shrunk by a factor of 14.8758 percent inste
ad of 5 percent on input line 1469.

[125

 <./figures/MAS.png>]
File: figures/MAS.png Graphic file (type png)
 <use figures/MAS.png>
Package pdftex.def Info: figures/MAS.png used on input line 1469.
(pdftex.def)             Requested size: 114.28091pt x 102.3325pt.


Class beamer Warning: Frame text is shrunk by a factor of 14.8758 percent inste
ad of 5 percent on input line 1469.

[126

] [127

] [128

] [129

] [130

] [131

] [132

] [133

]
<figures/MAS2.png, id=3863, 897.5934pt x 525.162pt>
File: figures/MAS2.png Graphic file (type png)
 <use figures/MAS2.png>
Package pdftex.def Info: figures/MAS2.png used on input line 1512.
(pdftex.def)             Requested size: 269.28009pt x 157.5498pt.

[134

 <./figures/MAS2.png>]
<figures/Quadrupole.png, id=3890, 310.761pt x 147.4308pt>
File: figures/Quadrupole.png Graphic file (type png)

<use figures/Quadrupole.png>
Package pdftex.def Info: figures/Quadrupole.png used on input line 1530.
(pdftex.def)             Requested size: 155.38011pt x 73.71521pt.


Class beamer Warning: Frame text is shrunk by a factor of 14.8758 percent inste
ad of 5 percent on input line 1530.

[135

 <./figures/Quadrupole.png>]
File: figures/Quadrupole.png Graphic file (type png)
 <use figures/Quadrupole.png>
Package pdftex.def Info: figures/Quadrupole.png used on input line 1530.
(pdftex.def)             Requested size: 155.38011pt x 73.71521pt.


Class beamer Warning: Frame text is shrunk by a factor of 14.8758 percent inste
ad of 5 percent on input line 1530.

[136

] [137

] [138

] <figures/Quadrupole2.png, id=3996, 691.383pt x 392.667pt>
File: figures/Quadrupole2.png Graphic file (type png)

<use figures/Quadrupole2.png>
Package pdftex.def Info: figures/Quadrupole2.png used on input line 1570.
(pdftex.def)             Requested size: 276.5483pt x 157.06401pt.

Overfull \vbox (6.91434pt too high) detected at line 1570
 []

[139

 <./figures/Quadrupole2.png>]
<figures/Quadrupole3.png, id=4025, 516.9714pt x 245.2362pt>
File: figures/Quadrupole3.png Graphic file (type png)

<use figures/Quadrupole3.png>
Package pdftex.def Info: figures/Quadrupole3.png used on input line 1581.
(pdftex.def)             Requested size: 258.48506pt x 122.6178pt.
 [140

 <./figures/Quadrupole3.png>]
<figures/Quadrupole_ZF.png, id=4053, 258.2448pt x 214.8828pt>
File: figures/Quadrupole_ZF.png Graphic file (type png)

<use figures/Quadrupole_ZF.png>
Package pdftex.def Info: figures/Quadrupole_ZF.png used on input line 1592.
(pdftex.def)             Requested size: 129.12207pt x 107.44113pt.
 [141

 <./figures/Quadrupole_ZF.png>] [142

]
[143

] [144

] [145

] [146

] (NMR_lectures.toc) [147

]
File: figures/precession.png Graphic file (type png)
 <use figures/precession.png>
Package pdftex.def Info: figures/precession.png used on input line 1648.
(pdftex.def)             Requested size: 90.64235pt x 109.38783pt.
pdfTeX warning (ext4): destination with the same identifier (name{precession}) 
has been already used, duplicate ignored
<to be read again> 
                   \relax 
l.1648 \end{frame}
                  

Class beamer Warning: Frame text is shrunk by a factor of 5.38177 percent inste
ad of 5 percent on input line 1648.

[148

]
File: figures/precession.png Graphic file (type png)
 <use figures/precession.png>
Package pdftex.def Info: figures/precession.png used on input line 1648.
(pdftex.def)             Requested size: 90.64235pt x 109.38783pt.


Class beamer Warning: Frame text is shrunk by a factor of 5.38177 percent inste
ad of 5 percent on input line 1648.

[149

] <figures/rotating_frame.png, id=4294, 292.4526pt x 242.8272pt>
File: figures/rotating_frame.png Graphic file (type png)

<use figures/rotating_frame.png>
Package pdftex.def Info: figures/rotating_frame.png used on input line 1672.
(pdftex.def)             Requested size: 87.73645pt x 72.84871pt.


Class beamer Warning: Frame text is shrunk by a factor of 15.75165 percent inst
ead of 5 percent on input line 1672.

[150

 <./figures/rotating_frame.png>]
File: figures/rotating_frame.png Graphic file (type png)
 <use figures/rotating_frame.png>
Package pdftex.def Info: figures/rotating_frame.png used on input line 1672.
(pdftex.def)             Requested size: 87.73645pt x 72.84871pt.


Class beamer Warning: Frame text is shrunk by a factor of 15.75165 percent inst
ead of 5 percent on input line 1672.

[151

] [152

]
Overfull \hbox (24.24501pt too wide) detected at line 1709
[]\OML/cmm/m/it/10.95 ;
 []


Class beamer Warning: Frame text is shrunk by a factor of 7.51648 percent inste
ad of 5 percent on input line 1709.

[153

]pdfTeX warning (ext4): destination with the same identifier (name{fig:rot_fram
e}) has been already used, duplicate ignored
<to be read again> 
                   \relax 
l.1730 \end{frame}
                  
<figures/rotating_frame_b.png, id=4406, 228.3732pt x 127.1952pt>
File: figures/rotating_frame_b.png Graphic file (type png)

<use figures/rotating_frame_b.png>
Package pdftex.def Info: figures/rotating_frame_b.png used on input line 1730.
(pdftex.def)             Requested size: 68.51248pt x 38.15884pt.
 [154

 <./figures/rotating_frame_b.png>]
<figures/rotating_frame_c.png, id=4435, 241.3818pt x 245.718pt>
File: figures/rotating_frame_c.png Graphic file (type png)

<use figures/rotating_frame_c.png>
Package pdftex.def Info: figures/rotating_frame_c.png used on input line 1753.
(pdftex.def)             Requested size: 72.41508pt x 73.71596pt.
 [155

 <./figures/rotating_frame_c.png>]
<figures/rotating_frame_d.png, id=4464, 270.7716pt x 247.6452pt>
File: figures/rotating_frame_d.png Graphic file (type png)

<use figures/rotating_frame_d.png>
Package pdftex.def Info: figures/rotating_frame_d.png used on input line 1771.
(pdftex.def)             Requested size: 81.2321pt x 74.29413pt.
 [156

 <./figures/rotating_frame_d.png>]
<figures/pi_pulses.png, id=4492, 314.1336pt x 502.5174pt>
File: figures/pi_pulses.png Graphic file (type png)

<use figures/pi_pulses.png>
Package pdftex.def Info: figures/pi_pulses.png used on input line 1787.
(pdftex.def)             Requested size: 94.2408pt x 150.75638pt.

Underfull \hbox (badness 1721) in paragraph at lines 1787--1787
\OT1/cmss/m/n/8 ne-ti-za-tion in the lab-o-ra-tory
 []


Underfull \hbox (badness 1147) in paragraph at lines 1787--1787
\OT1/cmss/m/n/8 the ro-tat-ing frames im-midi-
 []

[157

 <./figures/pi_pulses.png>]
<figures/coil.png, id=4520, 255.8358pt x 228.3732pt>
File: figures/coil.png Graphic file (type png)
 <use figures/coil.png>
Package pdftex.def Info: figures/coil.png used on input line 1804.
(pdftex.def)             Requested size: 102.3325pt x 91.34766pt.

Overfull \vbox (9.89424pt too high) detected at line 1804
 []

[158

 <./figures/coil.png>]
<figures/tuned_coils.png, id=4549, 562.7424pt x 465.9006pt>
File: figures/tuned_coils.png Graphic file (type png)

<use figures/tuned_coils.png>
Package pdftex.def Info: figures/tuned_coils.png used on input line 1827.
(pdftex.def)             Requested size: 225.09297pt x 186.35693pt.
 [159

 <./figures/tuned_coils.png>]pdfTeX warning (ext4): destination with the same i
dentifier (name{precession}) has been already used, duplicate ignored
<to be read again> 
                   \relax 
l.1864 \end{frame}
                   [160

] [161

] [162

]
<figures/spin_echo.png, id=4654, 790.6338pt x 431.6928pt>
File: figures/spin_echo.png Graphic file (type png)

<use figures/spin_echo.png>
Package pdftex.def Info: figures/spin_echo.png used on input line 1893.
(pdftex.def)             Requested size: 237.19197pt x 129.50883pt.
 [163

 <./figures/spin_echo.png>] [164

]
(NMR_lectures.toc) [165

]

Package hyperref Warning: Token not allowed in a PDF string (PDFDocEncoding):
(hyperref)                removing `math shift' on input line 1900.


Package hyperref Warning: Token not allowed in a PDF string (PDFDocEncoding):
(hyperref)                removing `subscript' on input line 1900.


Package hyperref Warning: Token not allowed in a PDF string (PDFDocEncoding):
(hyperref)                removing `math shift' on input line 1900.

[166

] [167

] [168

] [169

] [170

]
File: figures/two_level_population.png Graphic file (type png)
 <use figures/two_level_population.png>
Package pdftex.def Info: figures/two_level_population.png used on input line 19
39.
(pdftex.def)             Requested size: 92.1879pt x 69.90211pt.
 [171

]
[172

] [173

] [174

]
<figures/correlation_function.png, id=4975, 870.64095pt x 449.77448pt>
File: figures/correlation_function.png Graphic file (type png)

<use figures/correlation_function.png>
Package pdftex.def Info: figures/correlation_function.png used on input line 19
73.
(pdftex.def)             Requested size: 348.2502pt x 179.9066pt.

Overfull \hbox (40.96033pt too wide) in paragraph at lines 1973--1973
 [] 
 []

[175

 <./figures/correlation_function.png>] [176

] [177

]
<figures/spectral_density.png, id=5056, 538.09729pt x 469.755pt>
File: figures/spectral_density.png Graphic file (type png)

<use figures/spectral_density.png>
Package pdftex.def Info: figures/spectral_density.png used on input line 2007.
(pdftex.def)             Requested size: 161.43044pt x 140.92758pt.
 [178

 <./figures/spectral_density.png>]
<figures/T1_vs_tc.png, id=5084, 695.2374pt x 381.1038pt>
File: figures/T1_vs_tc.png Graphic file (type png)

<use figures/T1_vs_tc.png>
Package pdftex.def Info: figures/T1_vs_tc.png used on input line 2021.
(pdftex.def)             Requested size: 278.09003pt x 152.43881pt.

Overfull \vbox (7.21877pt too high) detected at line 2021
 []

[179

 <./figures/T1_vs_tc.png>] [180

]

Package hyperref Warning: Token not allowed in a PDF string (PDFDocEncoding):
(hyperref)                removing `math shift' on input line 2030.


Package hyperref Warning: Token not allowed in a PDF string (PDFDocEncoding):
(hyperref)                removing `subscript' on input line 2030.


Package hyperref Warning: Token not allowed in a PDF string (PDFDocEncoding):
(hyperref)                removing `math shift' on input line 2030.

[181

] <figures/table_relax_mechanisms.png, id=5164, 331.2375pt x 438.55846pt>
File: figures/table_relax_mechanisms.png Graphic file (type png)

<use figures/table_relax_mechanisms.png>
Package pdftex.def Info: figures/table_relax_mechanisms.png used on input line 
2052.
(pdftex.def)             Requested size: 165.61833pt x 219.27869pt.
 [182

 <./figures/table_relax_mechanisms.png>] [183

] <figures/contrast_MRI_Gd.png, id=5218, 301.125pt x 162.6075pt>
File: figures/contrast_MRI_Gd.png Graphic file (type png)

<use figures/contrast_MRI_Gd.png>
Package pdftex.def Info: figures/contrast_MRI_Gd.png used on input line 2071.
(pdftex.def)             Requested size: 271.00998pt x 146.3454pt.
 [184

 <./figures/contrast_MRI_Gd.png>]
[185

]
\tf@nav=\write6
\openout6 = `NMR_lectures.nav'.

\tf@toc=\write7
\openout7 = `NMR_lectures.toc'.

\tf@snm=\write8
\openout8 = `NMR_lectures.snm'.

Package atveryend Info: Empty hook `BeforeClearDocument' on input line 2240.
Package atveryend Info: Empty hook `AfterLastShipout' on input line 2240.
 (NMR_lectures.aux)
Package atveryend Info: Executing hook `AtVeryEndDocument' on input line 2240.
Package atveryend Info: Executing hook `AtEndAfterFileList' on input line 2240.

Package rerunfilecheck Info: File `NMR_lectures.out' has not changed.
(rerunfilecheck)             Checksum: 7F907E64E5DB5C3537F57A8AA92FDD93;2626.


LaTeX Warning: There were multiply-defined labels.

 ) 
Here is how much of TeX's memory you used:
 18505 strings out of 493634
 349889 string characters out of 3141310
 426021 words of memory out of 3000000
 20925 multiletter control sequences out of 15000+200000
 36480 words of font info for 109 fonts, out of 3000000 for 9000
 1025 hyphenation exceptions out of 8191
 56i,20n,64p,831b,664s stack positions out of 5000i,500n,10000p,200000b,50000s
 <C:\Users\Alexey\AppData\Local\MiKTeX\2.9\fonts\pk\ljfour\jknappen\ec\dpi375
\ecso0800.pk> <C:\Users\Alexey\AppData\Local\MiKTeX\2.9\fonts\pk\ljfour\jknappe
n\ec\dpi450\ecso0800.pk> <C:\Users\Alexey\AppData\Local\MiKTeX\2.9\fonts\pk\ljf
our\jknappen\ec\dpi600\ecso0800.pk> <C:\Users\Alexey\AppData\Local\MiKTeX\2.9\f
onts\pk\ljfour\jknappen\ec\dpi657\ecso1000.pk><C:/Program Files (x86)/MiKTeX 2.
9/fonts/type1/public/amsfonts/cm/cmbsy10.pfb><C:/Program Files (x86)/MiKTeX 2.9
/fonts/type1/public/amsfonts/cm/cmbx10.pfb><C:/Program Files (x86)/MiKTeX 2.9/f
onts/type1/public/amsfonts/cm/cmbx6.pfb><C:/Program Files (x86)/MiKTeX 2.9/font
s/type1/public/amsfonts/cm/cmex10.pfb><C:/Program Files (x86)/MiKTeX 2.9/fonts/
type1/public/amsfonts/cmextra/cmex7.pfb><C:/Program Files (x86)/MiKTeX 2.9/font
s/type1/public/amsfonts/cm/cmmi10.pfb><C:/Program Files (x86)/MiKTeX 2.9/fonts/
type1/public/amsfonts/cm/cmmi5.pfb><C:/Program Files (x86)/MiKTeX 2.9/fonts/typ
e1/public/amsfonts/cm/cmmi6.pfb><C:/Program Files (x86)/MiKTeX 2.9/fonts/type1/
public/amsfonts/cm/cmmi8.pfb><C:/Program Files (x86)/MiKTeX 2.9/fonts/type1/pub
lic/amsfonts/cm/cmmi9.pfb><C:/Program Files (x86)/MiKTeX 2.9/fonts/type1/public
/amsfonts/cm/cmmib10.pfb><C:/Program Files (x86)/MiKTeX 2.9/fonts/type1/public/
amsfonts/cmextra/cmmib6.pfb><C:/Program Files (x86)/MiKTeX 2.9/fonts/type1/publ
ic/amsfonts/cm/cmr8.pfb><C:/Program Files (x86)/MiKTeX 2.9/fonts/type1/public/a
msfonts/cm/cmss10.pfb><C:/Program Files (x86)/MiKTeX 2.9/fonts/type1/public/ams
fonts/cm/cmss12.pfb><C:/Program Files (x86)/MiKTeX 2.9/fonts/type1/public/amsfo
nts/cm/cmss8.pfb><C:/Program Files (x86)/MiKTeX 2.9/fonts/type1/public/amsfonts
/cm/cmss9.pfb><C:/Program Files (x86)/MiKTeX 2.9/fonts/type1/public/amsfonts/cm
/cmssbx10.pfb><C:/Program Files (x86)/MiKTeX 2.9/fonts/type1/public/amsfonts/cm
/cmssi10.pfb><C:/Program Files (x86)/MiKTeX 2.9/fonts/type1/public/amsfonts/cm/
cmssi12.pfb><C:/Program Files (x86)/MiKTeX 2.9/fonts/type1/public/amsfonts/cm/c
mssi8.pfb><C:/Program Files (x86)/MiKTeX 2.9/fonts/type1/public/amsfonts/cm/cms
y10.pfb><C:/Program Files (x86)/MiKTeX 2.9/fonts/type1/public/amsfonts/cm/cmsy5
.pfb><C:/Program Files (x86)/MiKTeX 2.9/fonts/type1/public/amsfonts/cm/cmsy6.pf
b><C:/Program Files (x86)/MiKTeX 2.9/fonts/type1/public/amsfonts/cm/cmsy8.pfb><
C:/Program Files (x86)/MiKTeX 2.9/fonts/type1/public/amsfonts/cm/cmsy9.pfb><C:/
Program Files (x86)/MiKTeX 2.9/fonts/type1/public/amsfonts/cm/cmtt8.pfb><C:/Pro
gram Files (x86)/MiKTeX 2.9/fonts/type1/public/amsfonts/symbols/msbm10.pfb><C:/
Program Files (x86)/MiKTeX 2.9/fonts/type1/public/amsfonts/symbols/msbm7.pfb>
Output written on NMR_lectures.pdf (185 pages, 12379676 bytes).
PDF statistics:
 5509 PDF objects out of 6186 (max. 8388607)
 436 named destinations out of 1000 (max. 500000)
 664 words of extra memory for PDF output out of 10000 (max. 10000000)

